🚀 Starting test data import...

📄 Found 623 products in CSV

⏭️  Skipped: AGIL-0100-2637 - No new data to update
✅ Updated: AGIL-0101867305 (01018-67305)
   - Description: Skip to main content ABOUT AGILENT CONTACT US SINGAPORE ACCO...
   - Quality: high
   - Specs: 10 fields
✅ Updated: AGIL-01080-83202 (01080-83202)
   - Description: Skip to main content ABOUT AGILENT CONTACT US SINGAPORE ACCO...
   - Quality: high
   - Specs: 3 fields
✅ Updated: AGIL-0109087305 (01090-87305)
   - Description: Skip to main content ABOUT AGILENT CONTACT US SINGAPORE ACCO...
   - Quality: high
   - Specs: 9 fields
✅ Updated: AGIL-08901761 (0890-1761)
   - Description: Skip to main content ABOUT AGILENT CONTACT US SINGAPORE ACCO...
   - Quality: high
   - Specs: 6 fields
✅ Updated: AGIL-08901762 (0890-1762)
   - Description: Skip to main content ABOUT AGILENT CONTACT US SINGAPORE ACCO...
   - Quality: high
   - Specs: 6 fields
✅ Updated: AGIL-08901763 (0890-1763)
   - Description: Skip to main content ABOUT AGILENT CONTACT US SINGAPORE ACCO...
   - Quality: high
   - Specs: 6 fields
✅ Updated: AGIL-08901915 (0890-1915)
   - Description: Skip to main content ABOUT AGILENT CONTACT US SINGAPORE ACCO...
   - Quality: high
   - Specs: 6 fields
✅ Updated: AGIL-08901921 (0890-1921)
   - Description: Skip to main content ABOUT AGILENT CONTACT US SINGAPORE ACCO...
   - Quality: high
   - Specs: 6 fields
✅ Updated: AGIL-08901962 (0890-1962)
   - Description: Skip to main content ABOUT AGILENT CONTACT US SINGAPORE ACCO...
   - Quality: high
   - Specs: 1 fields
✅ Updated: AGIL-121-1012 (121-1012)
   - Description: Skip to main content ABOUT AGILENT CONTACT US SINGAPORE ACCO...
   - Quality: high
   - Specs: 11 fields
✅ Updated: AGIL-121-1012E (121-1012E)
   - Description: Skip to main content ABOUT AGILENT CONTACT US SINGAPORE ACCO...
   - Quality: high
   - Specs: 11 fields
✅ Updated: AGIL-121-1012LTM (121-1012LTM)
   - Description: Skip to main content ABOUT AGILENT CONTACT US SINGAPORE ACCO...
   - Quality: high
   - Specs: 11 fields
✅ Updated: AGIL-121-1013 (121-1013)
   - Description: Skip to main content ABOUT AGILENT CONTACT US SINGAPORE ACCO...
   - Quality: high
   - Specs: 11 fields
✅ Updated: AGIL-121-1013LTM (121-1013LTM)
   - Description: Skip to main content ABOUT AGILENT CONTACT US SINGAPORE ACCO...
   - Quality: high
   - Specs: 11 fields
✅ Updated: AGIL-121-101A (121-101A)
   - Description: Skip to main content ABOUT AGILENT CONTACT US SINGAPORE ACCO...
   - Quality: high
   - Specs: 11 fields
✅ Updated: AGIL-121-101ALTM (121-101ALTM)
   - Description: Skip to main content ABOUT AGILENT CONTACT US SINGAPORE ACCO...
   - Quality: high
   - Specs: 11 fields
✅ Updated: AGIL-12102001 (12102001)
   - Description: Skip to main content ABOUT AGILENT CONTACT US SINGAPORE ACCO...
   - Quality: high
   - Specs: 19 fields
✅ Updated: AGIL-12102004 (12102004)
   - Description: Skip to main content ABOUT AGILENT CONTACT US SINGAPORE ACCO...
   - Quality: high
   - Specs: 19 fields
✅ Updated: AGIL-12102017TB (12102017TB)
   - Description: Skip to main content ABOUT AGILENT CONTACT US SINGAPORE ACCO...
   - Quality: high
   - Specs: 18 fields
✅ Updated: AGIL-12102022 (12102022)
   - Description: Skip to main content ABOUT AGILENT CONTACT US SINGAPORE ACCO...
   - Quality: high
   - Specs: 17 fields
✅ Updated: AGIL-12102023 (12102023)
   - Description: Skip to main content ABOUT AGILENT CONTACT US SINGAPORE ACCO...
   - Quality: high
   - Specs: 19 fields
✅ Updated: AGIL-12102025 (12102025)
   - Description: Skip to main content ABOUT AGILENT CONTACT US SINGAPORE ACCO...
   - Quality: high
   - Specs: 19 fields
✅ Updated: AGIL-12102028 (12102028)
   - Description: Skip to main content ABOUT AGILENT CONTACT US SINGAPORE ACCO...
   - Quality: high
   - Specs: 19 fields
✅ Updated: AGIL-12102031 (12102031)
   - Description: Skip to main content ABOUT AGILENT CONTACT US SINGAPORE ACCO...
   - Quality: high
   - Specs: 19 fields
✅ Updated: AGIL-12102047 (12102047)
   - Description: Skip to main content ABOUT AGILENT CONTACT US SINGAPORE ACCO...
   - Quality: high
   - Specs: 19 fields
✅ Updated: AGIL-12102048 (12102048)
   - Description: Skip to main content ABOUT AGILENT CONTACT US SINGAPORE ACCO...
   - Quality: high
   - Specs: 19 fields
✅ Updated: AGIL-12102049 (12102049)
   - Description: Skip to main content ABOUT AGILENT CONTACT US SINGAPORE ACCO...
   - Quality: high
   - Specs: 19 fields
✅ Updated: AGIL-12102058 (12102058)
   - Description: Skip to main content ABOUT AGILENT CONTACT US SINGAPORE ACCO...
   - Quality: high
   - Specs: 19 fields
✅ Updated: AGIL-12102058B (12102058B)
   - Description: Skip to main content ABOUT AGILENT CONTACT US SINGAPORE ACCO...
   - Quality: high
   - Specs: 17 fields
✅ Updated: AGIL-12102069 (12102069)
   - Description: Skip to main content ABOUT AGILENT CONTACT US SINGAPORE ACCO...
   - Quality: high
   - Specs: 19 fields
✅ Updated: AGIL-12102070 (12102070)
   - Description: Skip to main content ABOUT AGILENT CONTACT US SINGAPORE ACCO...
   - Quality: high
   - Specs: 19 fields
✅ Updated: AGIL-12102071 (12102071)
   - Description: Skip to main content ABOUT AGILENT CONTACT US SINGAPORE ACCO...
   - Quality: high
   - Specs: 19 fields
✅ Updated: AGIL-12102090 (12102090)
   - Description: Skip to main content ABOUT AGILENT CONTACT US SINGAPORE ACCO...
   - Quality: high
   - Specs: 19 fields
✅ Updated: AGIL-12102096 (12102096)
   - Description: Skip to main content ABOUT AGILENT CONTACT US SINGAPORE ACCO...
   - Quality: high
   - Specs: 19 fields
✅ Updated: AGIL-12102099 (12102099)
   - Description: Skip to main content ABOUT AGILENT CONTACT US SINGAPORE ACCO...
   - Quality: high
   - Specs: 19 fields
✅ Updated: AGIL-12102118 (12102118)
   - Description: Skip to main content ABOUT AGILENT CONTACT US SINGAPORE ACCO...
   - Quality: high
   - Specs: 19 fields
✅ Updated: AGIL-12102133 (12102133)
   - Description: Skip to main content ABOUT AGILENT CONTACT US SINGAPORE ACCO...
   - Quality: high
   - Specs: 17 fields
✅ Updated: AGIL-12102161 (12102161)
   - Description: Skip to main content ABOUT AGILENT CONTACT US SINGAPORE ACCO...
   - Quality: high
   - Specs: 17 fields
✅ Updated: AGIL-12105027 (12105027)
   - Description: Skip to main content ABOUT AGILENT CONTACT US SINGAPORE ACCO...
   - Quality: high
   - Specs: 19 fields
✅ Updated: AGIL-12105102B (12105102B)
   - Description: Skip to main content ABOUT AGILENT CONTACT US SINGAPORE ACCO...
   - Quality: high
   - Specs: 18 fields
✅ Updated: AGIL-1210C18OHTCB (1210C18OHTCB)
   - Description: Skip to main content ABOUT AGILENT CONTACT US SINGAPORE ACCO...
   - Quality: high
   - Specs: 16 fields
✅ Updated: AGIL-12113046 (12113046)
   - Description: Skip to main content ABOUT AGILENT CONTACT US SINGAPORE ACCO...
   - Quality: high
   - Specs: 17 fields
✅ Updated: AGIL-12113048 (12113048)
   - Description: Skip to main content ABOUT AGILENT CONTACT US SINGAPORE ACCO...
   - Quality: high
   - Specs: 19 fields
✅ Updated: AGIL-122-1011 (122-1011)
   - Description: Skip to main content ABOUT AGILENT CONTACT US SINGAPORE ACCO...
   - Quality: high
   - Specs: 11 fields
✅ Updated: AGIL-122-1012 (122-1012)
   - Description: Skip to main content ABOUT AGILENT CONTACT US SINGAPORE ACCO...
   - Quality: high
   - Specs: 11 fields
✅ Updated: AGIL-122-1012E (122-1012E)
   - Description: Skip to main content ABOUT AGILENT CONTACT US SINGAPORE ACCO...
   - Quality: high
   - Specs: 11 fields
✅ Updated: AGIL-122-1012LTM (122-1012LTM)
   - Description: Skip to main content ABOUT AGILENT CONTACT US SINGAPORE ACCO...
   - Quality: high
   - Specs: 11 fields
✅ Updated: AGIL-122-1013 (122-1013)
   - Description: Skip to main content ABOUT AGILENT CONTACT US SINGAPORE ACCO...
   - Quality: high
   - Specs: 11 fields
✅ Updated: AGIL-122-1013E (122-1013E)
   - Description: Skip to main content ABOUT AGILENT CONTACT US SINGAPORE ACCO...
   - Quality: high
   - Specs: 11 fields
✅ Updated: AGIL-122-10AE (122-10AE)
   - Description: Skip to main content ABOUT AGILENT CONTACT US SINGAPORE ACCO...
   - Quality: high
   - Specs: 11 fields
✅ Updated: AGIL-122-10G3 (122-10G3)
   - Description: Skip to main content ABOUT AGILENT CONTACT US SINGAPORE ACCO...
   - Quality: high
   - Specs: 11 fields
✅ Updated: AGIL-122-10H2 (122-10H2)
   - Description: Skip to main content ABOUT AGILENT CONTACT US SINGAPORE ACCO...
   - Quality: high
   - Specs: 10 fields
✅ Updated: AGIL-12255021 (12255021)
   - Description: Skip to main content ABOUT AGILENT CONTACT US SINGAPORE ACCO...
   - Quality: high
   - Specs: 19 fields
✅ Updated: AGIL-12256001 (12256001)
   - Description: Skip to main content ABOUT AGILENT CONTACT US SINGAPORE ACCO...
   - Quality: high
   - Specs: 19 fields
✅ Updated: AGIL-12256001B (12256001B)
   - Description: Skip to main content ABOUT AGILENT CONTACT US SINGAPORE ACCO...
   - Quality: high
   - Specs: 18 fields
✅ Updated: AGIL-12256043 (12256043)
   - Description: Skip to main content ABOUT AGILENT CONTACT US SINGAPORE ACCO...
   - Quality: high
   - Specs: 18 fields
✅ Updated: AGIL-12256044 (12256044)
   - Description: Skip to main content ABOUT AGILENT CONTACT US SINGAPORE ACCO...
   - Quality: high
   - Specs: 18 fields
✅ Updated: AGIL-12256059 (12256059)
   - Description: Skip to main content ABOUT AGILENT CONTACT US SINGAPORE ACCO...
   - Quality: high
   - Specs: 18 fields
✅ Updated: AGIL-12256060 (12256060)
   - Description: Skip to main content ABOUT AGILENT CONTACT US SINGAPORE ACCO...
   - Quality: high
   - Specs: 19 fields
✅ Updated: AGIL-12256086 (12256086)
   - Description: Skip to main content ABOUT AGILENT CONTACT US SINGAPORE ACCO...
   - Quality: high
   - Specs: 19 fields
✅ Updated: AGIL-12282001 (12282001)
   - Description: Skip to main content ABOUT AGILENT CONTACT US SINGAPORE ACCO...
   - Quality: high
   - Specs: 19 fields
✅ Updated: AGIL-12282002 (12282002)
   - Description: Skip to main content ABOUT AGILENT CONTACT US SINGAPORE ACCO...
   - Quality: high
   - Specs: 19 fields
✅ Updated: AGIL-12282003 (12282003)
   - Description: Skip to main content ABOUT AGILENT CONTACT US SINGAPORE ACCO...
   - Quality: high
   - Specs: 19 fields
✅ Updated: AGIL-12282004 (12282004)
   - Description: Skip to main content ABOUT AGILENT CONTACT US SINGAPORE ACCO...
   - Quality: high
   - Specs: 19 fields
✅ Updated: AGIL-12282005 (12282005)
   - Description: Skip to main content ABOUT AGILENT CONTACT US SINGAPORE ACCO...
   - Quality: high
   - Specs: 19 fields
✅ Updated: AGIL-12282006 (12282006)
   - Description: Skip to main content ABOUT AGILENT CONTACT US SINGAPORE ACCO...
   - Quality: high
   - Specs: 18 fields
✅ Updated: AGIL-123-1011 (123-1011)
   - Description: Skip to main content ABOUT AGILENT CONTACT US SINGAPORE ACCO...
   - Quality: high
   - Specs: 11 fields
✅ Updated: AGIL-123-1012 (123-1012)
   - Description: Skip to main content ABOUT AGILENT CONTACT US SINGAPORE ACCO...
   - Quality: high
   - Specs: 11 fields
✅ Updated: AGIL-123-1012LTM (123-1012LTM)
   - Description: Skip to main content ABOUT AGILENT CONTACT US SINGAPORE ACCO...
   - Quality: high
   - Specs: 11 fields
✅ Updated: AGIL-123-1013 (123-1013)
   - Description: Skip to main content ABOUT AGILENT CONTACT US SINGAPORE ACCO...
   - Quality: high
   - Specs: 11 fields
✅ Updated: AGIL-123-1014 (123-1014)
   - Description: Skip to main content ABOUT AGILENT CONTACT US SINGAPORE ACCO...
   - Quality: high
   - Specs: 11 fields
✅ Updated: AGIL-123-1015 (123-1015)
   - Description: Skip to main content ABOUT AGILENT CONTACT US SINGAPORE ACCO...
   - Quality: high
   - Specs: 11 fields
✅ Updated: AGIL-123-1015E (123-1015E)
   - Description: Skip to main content ABOUT AGILENT CONTACT US SINGAPORE ACCO...
   - Quality: high
   - Specs: 11 fields
✅ Updated: AGIL-123-1015LTM (123-1015LTM)
   - Description: Skip to main content ABOUT AGILENT CONTACT US SINGAPORE ACCO...
   - Quality: high
   - Specs: 11 fields
✅ Updated: AGIL-125-1011 (125-1011)
   - Description: Skip to main content ABOUT AGILENT CONTACT US SINGAPORE ACCO...
   - Quality: high
   - Specs: 11 fields
✅ Updated: AGIL-125-1011E (125-1011E)
   - Description: Skip to main content ABOUT AGILENT CONTACT US SINGAPORE ACCO...
   - Quality: high
   - Specs: 11 fields
✅ Updated: AGIL-125-1012 (125-1012)
   - Description: Skip to main content ABOUT AGILENT CONTACT US SINGAPORE ACCO...
   - Quality: high
   - Specs: 11 fields
✅ Updated: AGIL-125-1012E (125-1012E)
   - Description: Skip to main content ABOUT AGILENT CONTACT US SINGAPORE ACCO...
   - Quality: high
   - Specs: 11 fields
✅ Updated: AGIL-125-1012LTM (125-1012LTM)
   - Description: Skip to main content ABOUT AGILENT CONTACT US SINGAPORE ACCO...
   - Quality: high
   - Specs: 11 fields
✅ Updated: AGIL-125-1014 (125-1014)
   - Description: Skip to main content ABOUT AGILENT CONTACT US SINGAPORE ACCO...
   - Quality: high
   - Specs: 11 fields
✅ Updated: AGIL-125-1015 (125-1015)
   - Description: Skip to main content ABOUT AGILENT CONTACT US SINGAPORE ACCO...
   - Quality: high
   - Specs: 11 fields
✅ Updated: AGIL-125-1015E (125-1015E)
   - Description: Skip to main content ABOUT AGILENT CONTACT US SINGAPORE ACCO...
   - Quality: high
   - Specs: 11 fields
✅ Updated: AGIL-125-1017 (125-1017)
   - Description: Skip to main content ABOUT AGILENT CONTACT US SINGAPORE ACCO...
   - Quality: high
   - Specs: 11 fields
✅ Updated: AGIL-125-101J (125-101J)
   - Description: Skip to main content ABOUT AGILENT CONTACT US SINGAPORE ACCO...
   - Quality: high
   - Specs: 11 fields
✅ Updated: AGIL-125-101K (125-101K)
   - Description: Skip to main content ABOUT AGILENT CONTACT US SINGAPORE ACCO...
   - Quality: high
   - Specs: 11 fields
⏭️  Skipped: AGIL-125-10B5 - No new data to update
✅ Updated: AGIL-125-10H5 (125-10H5)
   - Description: Skip to main content ABOUT AGILENT CONTACT US SINGAPORE ACCO...
   - Quality: high
   - Specs: 11 fields
✅ Updated: AGIL-125-10HB (125-10HB)
   - Description: Skip to main content ABOUT AGILENT CONTACT US SINGAPORE ACCO...
   - Quality: high
   - Specs: 11 fields
✅ Updated: AGIL-125-10HBE (125-10HBE)
   - Description: Skip to main content ABOUT AGILENT CONTACT US SINGAPORE ACCO...
   - Quality: high
   - Specs: 11 fields
✅ Updated: AGIL-126-1012 (126-1012)
   - Description: Skip to main content ABOUT AGILENT CONTACT US SINGAPORE ACCO...
   - Quality: high
   - Specs: 11 fields
✅ Updated: AGIL-126-1013 (126-1013)
   - Description: Skip to main content ABOUT AGILENT CONTACT US SINGAPORE ACCO...
   - Quality: high
   - Specs: 11 fields
✅ Updated: AGIL-127-1012 (127-1012)
   - Description: Skip to main content ABOUT AGILENT CONTACT US SINGAPORE ACCO...
   - Quality: high
   - Specs: 13 fields
✅ Updated: AGIL-127-1012E (127-1012E)
   - Description: Skip to main content ABOUT AGILENT CONTACT US SINGAPORE ACCO...
   - Quality: high
   - Specs: 11 fields
✅ Updated: AGIL-127-1013 (127-1013)
   - Description: Skip to main content ABOUT AGILENT CONTACT US SINGAPORE ACCO...
   - Quality: high
   - Specs: 11 fields
✅ Updated: AGIL-127-1013E (127-1013E)
   - Description: Skip to main content ABOUT AGILENT CONTACT US SINGAPORE ACCO...
   - Quality: high
   - Specs: 11 fields
✅ Updated: AGIL-127-1013LTM (127-1013LTM)
   - Description: Skip to main content ABOUT AGILENT CONTACT US SINGAPORE ACCO...
   - Quality: high
   - Specs: 11 fields
✅ Updated: AGIL-127-1022 (127-1022)
   - Description: Skip to main content ABOUT AGILENT CONTACT US SINGAPORE ACCO...
   - Quality: high
   - Specs: 11 fields
✅ Updated: AGIL-127-1022E (127-1022E)
   - Description: Skip to main content ABOUT AGILENT CONTACT US SINGAPORE ACCO...
   - Quality: high
   - Specs: 11 fields
✅ Updated: AGIL-128-1012 (128-1012)
   - Description: Skip to main content ABOUT AGILENT CONTACT US SINGAPORE ACCO...
   - Quality: high
   - Specs: 11 fields
✅ Updated: AGIL-12A-1015 (12A-1015)
   - Description: Skip to main content ABOUT AGILENT CONTACT US SINGAPORE ACCO...
   - Quality: high
   - Specs: 11 fields
✅ Updated: AGIL-14102001 (14102001)
   - Description: Skip to main content ABOUT AGILENT CONTACT US SINGAPORE ACCO...
   - Quality: high
   - Specs: 19 fields
✅ Updated: AGIL-14102025 (14102025)
   - Description: Skip to main content ABOUT AGILENT CONTACT US SINGAPORE ACCO...
   - Quality: high
   - Specs: 19 fields
✅ Updated: AGIL-14102028 (14102028)
   - Description: Skip to main content ABOUT AGILENT CONTACT US SINGAPORE ACCO...
   - Quality: high
   - Specs: 19 fields
✅ Updated: AGIL-14102058 (14102058)
   - Description: Skip to main content ABOUT AGILENT CONTACT US SINGAPORE ACCO...
   - Quality: high
   - Specs: 19 fields
✅ Updated: AGIL-14102080 (14102080)
   - Description: Skip to main content ABOUT AGILENT CONTACT US SINGAPORE ACCO...
   - Quality: high
   - Specs: 19 fields
✅ Updated: AGIL-14102081 (14102081)
   - Description: Skip to main content ABOUT AGILENT CONTACT US SINGAPORE ACCO...
   - Quality: high
   - Specs: 14 fields
✅ Updated: AGIL-14102081T (14102081T)
   - Description: Skip to main content ABOUT AGILENT CONTACT US SINGAPORE ACCO...
   - Quality: high
   - Specs: 14 fields
✅ Updated: AGIL-14102082 (14102082)
   - Description: Skip to main content ABOUT AGILENT CONTACT US SINGAPORE ACCO...
   - Quality: high
   - Specs: 14 fields
✅ Updated: AGIL-14113054 (14113054)
   - Description: Skip to main content ABOUT AGILENT CONTACT US SINGAPORE ACCO...
   - Quality: high
   - Specs: 16 fields
✅ Updated: AGIL-14113055 (14113055)
   - Description: Skip to main content ABOUT AGILENT CONTACT US SINGAPORE ACCO...
   - Quality: high
   - Specs: 16 fields
✅ Updated: AGIL-14256001 (14256001)
   - Description: Skip to main content ABOUT AGILENT CONTACT US SINGAPORE ACCO...
   - Quality: high
   - Specs: 19 fields
✅ Updated: AGIL-14256013 (14256013)
   - Description: Skip to main content ABOUT AGILENT CONTACT US SINGAPORE ACCO...
   - Quality: high
   - Specs: 18 fields
✅ Updated: AGIL-14256015 (14256015)
   - Description: Skip to main content ABOUT AGILENT CONTACT US SINGAPORE ACCO...
   - Quality: high
   - Specs: 19 fields
✅ Updated: AGIL-14256019 (14256019)
   - Description: Skip to main content ABOUT AGILENT CONTACT US SINGAPORE ACCO...
   - Quality: high
   - Specs: 18 fields
✅ Updated: AGIL-14256021 (14256021)
   - Description: Skip to main content ABOUT AGILENT CONTACT US SINGAPORE ACCO...
   - Quality: high
   - Specs: 18 fields
✅ Updated: AGIL-14256023 (14256023)
   - Description: Skip to main content ABOUT AGILENT CONTACT US SINGAPORE ACCO...
   - Quality: high
   - Specs: 19 fields
✅ Updated: AGIL-14256027 (14256027)
   - Description: Skip to main content ABOUT AGILENT CONTACT US SINGAPORE ACCO...
   - Quality: high
   - Specs: 18 fields
✅ Updated: AGIL-14256029 (14256029)
   - Description: Skip to main content ABOUT AGILENT CONTACT US SINGAPORE ACCO...
   - Quality: high
   - Specs: 18 fields
✅ Updated: AGIL-14256031 (14256031)
   - Description: Skip to main content ABOUT AGILENT CONTACT US SINGAPORE ACCO...
   - Quality: high
   - Specs: 19 fields
✅ Updated: AGIL-14256035 (14256035)
   - Description: Skip to main content ABOUT AGILENT CONTACT US SINGAPORE ACCO...
   - Quality: high
   - Specs: 18 fields
✅ Updated: AGIL-22102001 (22102001)
   - Description: Skip to main content ABOUT AGILENT CONTACT US SINGAPORE ACCO...
   - Quality: high
   - Specs: 18 fields
✅ Updated: AGIL-22102017 (22102017)
   - Description: Skip to main content ABOUT AGILENT CONTACT US SINGAPORE ACCO...
   - Quality: high
   - Specs: 18 fields
✅ Updated: AGIL-410105017 (410105017)
   - Description: Skip to main content ABOUT AGILENT CONTACT US SINGAPORE ACCO...
   - Quality: high
   - Specs: 1 fields
✅ Updated: AGIL-5005-0064 (5005-0064)
   - Description: Skip to main content ABOUT AGILENT CONTACT US SINGAPORE ACCO...
   - Quality: high
   - Specs: 5 fields
✅ Updated: AGIL-50050067 (5005-0067)
   - Description: Skip to main content ABOUT AGILENT CONTACT US SINGAPORE ACCO...
   - Quality: high
   - Specs: 4 fields
✅ Updated: AGIL-50050442 (5005-0442)
   - Description: Skip to main content ABOUT AGILENT CONTACT US SINGAPORE ACCO...
   - Quality: high
   - Specs: 5 fields
✅ Updated: AGIL-50217107 (5021-7107)
   - Description: Skip to main content ABOUT AGILENT CONTACT US SINGAPORE ACCO...
   - Quality: high
   - Specs: 4 fields
✅ Updated: AGIL-50226503 (5022-6503)
   - Description: Skip to main content ABOUT AGILENT CONTACT US SINGAPORE ACCO...
   - Quality: high
   - Specs: 6 fields
✅ Updated: AGIL-50232512 (5023-2512)
   - Description: Skip to main content ABOUT AGILENT CONTACT US SINGAPORE ACCO...
   - Quality: high
   - Specs: 10 fields
✅ Updated: AGIL-50232872 (5023-2872)
   - Description: Skip to main content ABOUT AGILENT CONTACT US SINGAPORE ACCO...
   - Quality: high
   - Specs: 5 fields
✅ Updated: AGIL-50232874 (5023-2874)
   - Description: Skip to main content ABOUT AGILENT CONTACT US SINGAPORE ACCO...
   - Quality: high
   - Specs: 5 fields
✅ Updated: AGIL-50232875 (5023-2875)
   - Description: Skip to main content ABOUT AGILENT CONTACT US SINGAPORE ACCO...
   - Quality: high
   - Specs: 3 fields
✅ Updated: AGIL-50232878 (5023-2878)
   - Description: Skip to main content ABOUT AGILENT CONTACT US SINGAPORE ACCO...
   - Quality: high
   - Specs: 6 fields
✅ Updated: AGIL-50232882 (5023-2882)
   - Description: Skip to main content ABOUT AGILENT CONTACT US SINGAPORE ACCO...
   - Quality: high
   - Specs: 6 fields
✅ Updated: AGIL-50232883 (5023-2883)
   - Description: Skip to main content ABOUT AGILENT CONTACT US SINGAPORE ACCO...
   - Quality: high
   - Specs: 5 fields
✅ Updated: AGIL-50232898 (5023-2898)
   - Description: Skip to main content ABOUT AGILENT CONTACT US SINGAPORE ACCO...
   - Quality: high
   - Specs: 5 fields
✅ Updated: AGIL-50232899 (5023-2899)
   - Description: Skip to main content ABOUT AGILENT CONTACT US SINGAPORE ACCO...
   - Quality: high
   - Specs: 5 fields
✅ Updated: AGIL-50404649 (5040-4649)
   - Description: Skip to main content ABOUT AGILENT CONTACT US SINGAPORE ACCO...
   - Quality: high
   - Specs: 15 fields
✅ Updated: AGIL-50404681 (5040-4681)
   - Description: Skip to main content ABOUT AGILENT CONTACT US SINGAPORE ACCO...
   - Quality: high
   - Specs: 15 fields
✅ Updated: AGIL-50404682 (5040-4682)
   - Description: Skip to main content ABOUT AGILENT CONTACT US SINGAPORE ACCO...
   - Quality: high
   - Specs: 11 fields
✅ Updated: AGIL-50404683 (5040-4683)
   - Description: Skip to main content ABOUT AGILENT CONTACT US SINGAPORE ACCO...
   - Quality: high
   - Specs: 15 fields
✅ Updated: AGIL-50426461 (5042-6461)
   - Description: Skip to main content ABOUT AGILENT CONTACT US SINGAPORE ACCO...
   - Quality: high
   - Specs: 6 fields
✅ Updated: AGIL-50426462 (5042-6462)
   - Description: Skip to main content ABOUT AGILENT CONTACT US SINGAPORE ACCO...
   - Quality: high
   - Specs: 6 fields
✅ Updated: AGIL-50426463 (5042-6463)
   - Description: Skip to main content ABOUT AGILENT CONTACT US SINGAPORE ACCO...
   - Quality: high
   - Specs: 6 fields
✅ Updated: AGIL-50426500 (5042-6500)
   - Description: Skip to main content ABOUT AGILENT CONTACT US SINGAPORE ACCO...
   - Quality: high
   - Specs: 7 fields
✅ Updated: AGIL-50428957 (5042-8957)
   - Description: Skip to main content ABOUT AGILENT CONTACT US SINGAPORE ACCO...
   - Quality: high
   - Specs: 7 fields
✅ Updated: AGIL-50430259 (5043-0259)
   - Description: Skip to main content ABOUT AGILENT CONTACT US SINGAPORE ACCO...
   - Quality: high
   - Specs: 2 fields
✅ Updated: AGIL-50430277 (5043-0277)
   - Description: Skip to main content ABOUT AGILENT CONTACT US SINGAPORE ACCO...
   - Quality: high
   - Specs: 3 fields
✅ Updated: AGIL-50430924 (5043-0924)
   - Description: Skip to main content ABOUT AGILENT CONTACT US SINGAPORE ACCO...
   - Quality: high
   - Specs: 7 fields
✅ Updated: AGIL-50431540 (5043-1540)
   - Description: Skip to main content ABOUT AGILENT CONTACT US SINGAPORE ACCO...
   - Quality: high
   - Specs: 6 fields
✅ Updated: AGIL-50431847 (5043-1847)
   - Description: Skip to main content ABOUT AGILENT CONTACT US SINGAPORE ACCO...
   - Quality: high
   - Specs: 5 fields
✅ Updated: AGIL-50613303 (5061-3303)
   - Description: Fitting Type Fitting Kit UNSPSC Code 41115717 Customers Also...
   - Quality: high
   - Specs: 6 fields
✅ Updated: AGIL-50613370 (5061-3370)
   - Description: Skip to main content ABOUT AGILENT CONTACT US SINGAPORE ACCO...
   - Quality: high
   - Specs: 14 fields
✅ Updated: AGIL-50622461 (5062-2461)
   - Description: Skip to main content ABOUT AGILENT CONTACT US SINGAPORE ACCO...
   - Quality: high
   - Specs: 4 fields
✅ Updated: AGIL-50622462 (5062-2462)
   - Description: Skip to main content ABOUT AGILENT CONTACT US SINGAPORE ACCO...
   - Quality: high
   - Specs: 5 fields
✅ Updated: AGIL-50622483 (5062-2483)
   - Description: Skip to main content ABOUT AGILENT CONTACT US SINGAPORE ACCO...
   - Quality: high
   - Specs: 6 fields
✅ Updated: AGIL-50628522 (5062-8522)
   - Description: Skip to main content ABOUT AGILENT CONTACT US SINGAPORE ACCO...
   - Quality: high
   - Specs: 4 fields
✅ Updated: AGIL-5062-8541 (5062-8541)
   - Description: Skip to main content ABOUT AGILENT CONTACT US SINGAPORE ACCO...
   - Quality: high
   - Specs: 7 fields
✅ Updated: AGIL-50636593 (5063-6593)
   - Description: Skip to main content ABOUT AGILENT CONTACT US SINGAPORE ACCO...
   - Quality: high
   - Specs: 3 fields
✅ Updated: AGIL-50654410 (5065-4410)
   - Description: Skip to main content ABOUT AGILENT CONTACT US SINGAPORE ACCO...
   - Quality: high
   - Specs: 7 fields
✅ Updated: AGIL-50654426 (5065-4426)
   - Description: Skip to main content ABOUT AGILENT CONTACT US SINGAPORE ACCO...
   - Quality: high
   - Specs: 7 fields
✅ Updated: AGIL-50659948 (5065-9948)
   - Description: Skip to main content ABOUT AGILENT CONTACT US SINGAPORE ACCO...
   - Quality: high
   - Specs: 3 fields
✅ Updated: AGIL-50659976 (5065-9976)
   - Description: Skip to main content ABOUT AGILENT CONTACT US SINGAPORE ACCO...
   - Quality: high
   - Specs: 3 fields
✅ Updated: AGIL-50659978 (5065-9978)
   - Description: Skip to main content ABOUT AGILENT CONTACT US SINGAPORE ACCO...
   - Quality: high
   - Specs: 6 fields
✅ Updated: AGIL-50670226 (5067-0226)
   - Description: Skip to main content ABOUT AGILENT CONTACT US SINGAPORE ACCO...
   - Quality: high
   - Specs: 11 fields
✅ Updated: AGIL-50670227 (5067-0227)
   - Description: Skip to main content ABOUT AGILENT CONTACT US SINGAPORE ACCO...
   - Quality: high
   - Specs: 12 fields
✅ Updated: AGIL-50670235 (5067-0235)
   - Description: Skip to main content ABOUT AGILENT CONTACT US SINGAPORE ACCO...
   - Quality: high
   - Specs: 14 fields
✅ Updated: AGIL-50671557 (5067-1557)
   - Description: Skip to main content ABOUT AGILENT CONTACT US SINGAPORE ACCO...
   - Quality: high
   - Specs: 7 fields
✅ Updated: AGIL-50671558 (5067-1558)
   - Description: Skip to main content ABOUT AGILENT CONTACT US SINGAPORE ACCO...
   - Quality: high
   - Specs: 7 fields
✅ Updated: AGIL-50674680 (5067-4680)
   - Description: Skip to main content ABOUT AGILENT CONTACT US SINGAPORE ACCO...
   - Quality: high
   - Specs: 6 fields
✅ Updated: AGIL-50675957 (5067-5957)
   - Description: Quantity 5067-5965 InfinityLab Quick Connect LC fitting 1 55...
   - Quality: high
   - Specs: 14 fields
✅ Updated: AGIL-50675958 (5067-5958)
   - Description: Quantity 5067-5965 InfinityLab Quick Connect LC fitting 1 55...
   - Quality: high
   - Specs: 14 fields
✅ Updated: AGIL-50675959 (5067-5959)
   - Description: Quantity 5067-5965 InfinityLab Quick Connect LC fitting 1 55...
   - Quality: high
   - Specs: 14 fields
⏭️  Skipped: AGIL-50675960 - No new data to update
✅ Updated: AGIL-50675961 (5067-5961)
   - Description: Quantity 5067-5965 InfinityLab Quick Connect LC fitting 1 55...
   - Quality: high
   - Specs: 14 fields
✅ Updated: AGIL-50675965 (5067-5965)
   - Description: Skip to main content ABOUT AGILENT CONTACT US SINGAPORE ACCO...
   - Quality: high
   - Specs: 8 fields
✅ Updated: AGIL-50675966 (5067-5966)
   - Description: Skip to main content ABOUT AGILENT CONTACT US SINGAPORE ACCO...
   - Quality: high
   - Specs: 8 fields
✅ Updated: AGIL-50676141 (5067-6141)
   - Description: Skip to main content ABOUT AGILENT CONTACT US SINGAPORE ACCO...
   - Quality: high
   - Specs: 4 fields
✅ Updated: AGIL-50676163 (5067-6163)
   - Description: Quantity 5067-5965 InfinityLab Quick Connect LC fitting 1 55...
   - Quality: high
   - Specs: 15 fields
✅ Updated: AGIL-50676164 (5067-6164)
   - Description: Quantity 5067-5965 InfinityLab Quick Connect LC fitting 1 55...
   - Quality: high
   - Specs: 14 fields
✅ Updated: AGIL-50676165 (5067-6165)
   - Description: Skip to main content ABOUT AGILENT CONTACT US SINGAPORE ACCO...
   - Quality: high
   - Specs: 12 fields
✅ Updated: AGIL-50676166 (5067-6166)
   - Description: Quantity 5067-5965 InfinityLab Quick Connect LC fitting 1 55...
   - Quality: high
   - Specs: 14 fields
✅ Updated: AGIL-50676167 (5067-6167)
   - Description: Quantity 5067-5965 InfinityLab Quick Connect LC fitting 1 55...
   - Quality: high
   - Specs: 14 fields
✅ Updated: AGIL-50676168 (5067-6168)
   - Description: Quantity 5067-5965 InfinityLab Quick Connect LC fitting 1 55...
   - Quality: high
   - Specs: 14 fields
✅ Updated: AGIL-50676169 (5067-6169)
   - Description: Quantity 5067-5965 InfinityLab Quick Connect LC fitting 1 55...
   - Quality: high
   - Specs: 14 fields
✅ Updated: AGIL-50676602 (5067-6602)
   - Description: Quantity 5067-5965 InfinityLab Quick Connect LC fitting 1 50...
   - Quality: high
   - Specs: 13 fields
✅ Updated: AGIL-51804108 (5180-4108)
   - Description: Material Stainless steel Product Sub Model Front UNSPSC Code...
   - Quality: high
   - Specs: 5 fields
✅ Updated: AGIL-51804114 (5180-4114)
   - Description: Material Stainless steel Product Sub Model Back UNSPSC Code ...
   - Quality: high
   - Specs: 5 fields
✅ Updated: AGIL-51804196 (5180-4196)
   - Description: Skip to main content ABOUT AGILENT CONTACT US SINGAPORE ACCO...
   - Quality: high
   - Specs: 4 fields
✅ Updated: AGIL-51811210 (5181-1210)
   - Description: Skip to main content ABOUT AGILENT CONTACT US SINGAPORE ACCO...
   - Quality: high
   - Specs: 14 fields
✅ Updated: AGIL-51811211 (5181-1211)
   - Description: Skip to main content ABOUT AGILENT CONTACT US SINGAPORE ACCO...
   - Quality: high
   - Specs: 14 fields
✅ Updated: AGIL-51811212 (5181-1212)
   - Description: Skip to main content ABOUT AGILENT CONTACT US SINGAPORE ACCO...
   - Quality: high
   - Specs: 12 fields
✅ Updated: AGIL-51811215 (5181-1215)
   - Description: Skip to main content ABOUT AGILENT CONTACT US SINGAPORE ACCO...
   - Quality: high
   - Specs: 14 fields
✅ Updated: AGIL-51811216 (5181-1216)
   - Description: Skip to main content ABOUT AGILENT CONTACT US SINGAPORE ACCO...
   - Quality: high
   - Specs: 14 fields
✅ Updated: AGIL-51811217 (5181-1217)
   - Description: Skip to main content ABOUT AGILENT CONTACT US SINGAPORE ACCO...
   - Quality: high
   - Specs: 14 fields
✅ Updated: AGIL-51811267 (5181-1267)
   - Description: Skip to main content ABOUT AGILENT CONTACT US SINGAPORE ACCO...
   - Quality: high
   - Specs: 9 fields
✅ Updated: AGIL-51811267HF (5181-1267-HF)
   - Description: Skip to main content ABOUT AGILENT CONTACT US SINGAPORE ACCO...
   - Quality: high
   - Specs: 9 fields
✅ Updated: AGIL-51811273 (5181-1273)
   - Description: Skip to main content ABOUT AGILENT CONTACT US SINGAPORE ACCO...
   - Quality: high
   - Specs: 9 fields
✅ Updated: AGIL-51813321 (5181-3321)
   - Description: Skip to main content ABOUT AGILENT CONTACT US SINGAPORE ACCO...
   - Quality: high
   - Specs: 9 fields
✅ Updated: AGIL-51813354 (5181-3354)
   - Description: Skip to main content ABOUT AGILENT CONTACT US SINGAPORE ACCO...
   - Quality: high
   - Specs: 9 fields
✅ Updated: AGIL-51813354HF (5181-3354-HF)
   - Description: Skip to main content ABOUT AGILENT CONTACT US SINGAPORE ACCO...
   - Quality: high
   - Specs: 9 fields
✅ Updated: AGIL-51813356 (5181-3356)
   - Description: Skip to main content ABOUT AGILENT CONTACT US SINGAPORE ACCO...
   - Quality: high
   - Specs: 9 fields
✅ Updated: AGIL-51813358 (5181-3358)
   - Description: Skip to main content ABOUT AGILENT CONTACT US SINGAPORE ACCO...
   - Quality: high
   - Specs: 6 fields
✅ Updated: AGIL-51813360 (5181-3360)
   - Description: Skip to main content ABOUT AGILENT CONTACT US SINGAPORE ACCO...
   - Quality: high
   - Specs: 9 fields
✅ Updated: AGIL-51813361 (5181-3361)
   - Description: Skip to main content ABOUT AGILENT CONTACT US SINGAPORE ACCO...
   - Quality: high
   - Specs: 9 fields
✅ Updated: AGIL-51813376 (5181-3376)
   - Description: Skip to main content ABOUT AGILENT CONTACT US SINGAPORE ACCO...
   - Quality: high
   - Specs: 13 fields
✅ Updated: AGIL-51813400 (5181-3400)
   - Description: Skip to main content ABOUT AGILENT CONTACT US SINGAPORE ACCO...
   - Quality: high
   - Specs: 11 fields
✅ Updated: AGIL-51818801 (5181-8801)
   - Description: Skip to main content ABOUT AGILENT CONTACT US SINGAPORE ACCO...
   - Quality: high
   - Specs: 11 fields
✅ Updated: AGIL-51818806 (5181-8806)
   - Description: Skip to main content ABOUT AGILENT CONTACT US SINGAPORE ACCO...
   - Quality: high
   - Specs: 9 fields
✅ Updated: AGIL-51818809 (5181-8809)
   - Description: Skip to main content ABOUT AGILENT CONTACT US SINGAPORE ACCO...
   - Quality: high
   - Specs: 9 fields
✅ Updated: AGIL-51818810 (5181-8810)
   - Description: Skip to main content ABOUT AGILENT CONTACT US SINGAPORE ACCO...
   - Quality: high
   - Specs: 9 fields
✅ Updated: AGIL-51818813 (5181-8813)
   - Description: Skip to main content ABOUT AGILENT CONTACT US SINGAPORE ACCO...
   - Quality: high
   - Specs: 9 fields
✅ Updated: AGIL-51820552 (5182-0552)
   - Description: Skip to main content ABOUT AGILENT CONTACT US SINGAPORE ACCO...
   - Quality: high
   - Specs: 14 fields
✅ Updated: AGIL-51820556 (5182-0556)
   - Description: Skip to main content ABOUT AGILENT CONTACT US SINGAPORE ACCO...
   - Quality: high
   - Specs: 12 fields
✅ Updated: AGIL-51820557 (5182-0557)
   - Description: Skip to main content ABOUT AGILENT CONTACT US SINGAPORE ACCO...
   - Quality: high
   - Specs: 12 fields
✅ Updated: AGIL-51820558 (5182-0558)
   - Description: Skip to main content ABOUT AGILENT CONTACT US SINGAPORE ACCO...
   - Quality: high
   - Specs: 12 fields
✅ Updated: AGIL-51820567 (5182-0567)
   - Description: Skip to main content ABOUT AGILENT CONTACT US SINGAPORE ACCO...
   - Quality: high
   - Specs: 14 fields
✅ Updated: AGIL-51820714 (5182-0714)
   - Description: Skip to main content ABOUT AGILENT CONTACT US SINGAPORE ACCO...
   - Quality: high
   - Specs: 14 fields
✅ Updated: AGIL-51820715 (5182-0715)
   - Description: Skip to main content ABOUT AGILENT CONTACT US SINGAPORE ACCO...
   - Quality: high
   - Specs: 14 fields
✅ Updated: AGIL-51820716 (5182-0716)
   - Description: Skip to main content ABOUT AGILENT CONTACT US SINGAPORE ACCO...
   - Quality: high
   - Specs: 13 fields
✅ Updated: AGIL-51820717 (5182-0717)
   - Description: Skip to main content ABOUT AGILENT CONTACT US SINGAPORE ACCO...
   - Quality: high
   - Specs: 15 fields
✅ Updated: AGIL-51820718 (5182-0718)
   - Description: Skip to main content ABOUT AGILENT CONTACT US SINGAPORE ACCO...
   - Quality: high
   - Specs: 15 fields
✅ Updated: AGIL-51820719 (5182-0719)
   - Description: Skip to main content ABOUT AGILENT CONTACT US SINGAPORE ACCO...
   - Quality: high
   - Specs: 15 fields
✅ Updated: AGIL-51820720 (5182-0720)
   - Description: Skip to main content ABOUT AGILENT CONTACT US SINGAPORE ACCO...
   - Quality: high
   - Specs: 15 fields
✅ Updated: AGIL-51820721 (5182-0721)
   - Description: Skip to main content ABOUT AGILENT CONTACT US SINGAPORE ACCO...
   - Quality: high
   - Specs: 15 fields
✅ Updated: AGIL-51820722 (5182-0722)
   - Description: Skip to main content ABOUT AGILENT CONTACT US SINGAPORE ACCO...
   - Quality: high
   - Specs: 15 fields
✅ Updated: AGIL-51820723 (5182-0723)
   - Description: Skip to main content ABOUT AGILENT CONTACT US SINGAPORE ACCO...
   - Quality: high
   - Specs: 15 fields
✅ Updated: AGIL-51820724 (5182-0724)
   - Description: Skip to main content ABOUT AGILENT CONTACT US SINGAPORE ACCO...
   - Quality: high
   - Specs: 15 fields
✅ Updated: AGIL-51820725 (5182-0725)
   - Description: Skip to main content ABOUT AGILENT CONTACT US SINGAPORE ACCO...
   - Quality: high
   - Specs: 15 fields
✅ Updated: AGIL-51820726 (5182-0726)
   - Description: Skip to main content ABOUT AGILENT CONTACT US SINGAPORE ACCO...
   - Quality: high
   - Specs: 11 fields
✅ Updated: AGIL-51820727 (5182-0727)
   - Description: Skip to main content ABOUT AGILENT CONTACT US SINGAPORE ACCO...
   - Quality: high
   - Specs: 11 fields
✅ Updated: AGIL-51820728 (5182-0728)
   - Description: Skip to main content ABOUT AGILENT CONTACT US SINGAPORE ACCO...
   - Quality: high
   - Specs: 11 fields
✅ Updated: AGIL-51820834 (5182-0834)
   - Description: Skip to main content ABOUT AGILENT CONTACT US SINGAPORE ACCO...
   - Quality: high
   - Specs: 9 fields
✅ Updated: AGIL-51820835 (5182-0835)
   - Description: Skip to main content ABOUT AGILENT CONTACT US SINGAPORE ACCO...
   - Quality: high
   - Specs: 9 fields
✅ Updated: AGIL-51820837 (5182-0837)
   - Description: Skip to main content ABOUT AGILENT CONTACT US SINGAPORE ACCO...
   - Quality: high
   - Specs: 14 fields
✅ Updated: AGIL-51820838 (5182-0838)
   - Description: Skip to main content ABOUT AGILENT CONTACT US SINGAPORE ACCO...
   - Quality: high
   - Specs: 14 fields
✅ Updated: AGIL-51820839 (5182-0839)
   - Description: Skip to main content ABOUT AGILENT CONTACT US SINGAPORE ACCO...
   - Quality: high
   - Specs: 20 fields
✅ Updated: AGIL-51820840 (5182-0840)
   - Description: Skip to main content ABOUT AGILENT CONTACT US SINGAPORE ACCO...
   - Quality: high
   - Specs: 20 fields
✅ Updated: AGIL-51820871 (5182-0871)
   - Description: Skip to main content ABOUT AGILENT CONTACT US SINGAPORE ACCO...
   - Quality: high
   - Specs: 14 fields
✅ Updated: AGIL-51820875 (5182-0875)
   - Description: Skip to main content ABOUT AGILENT CONTACT US SINGAPORE ACCO...
   - Quality: high
   - Specs: 9 fields
✅ Updated: AGIL-51829622 (5182-9622)
   - Description: Skip to main content ABOUT AGILENT CONTACT US SINGAPORE ACCO...
   - Quality: high
   - Specs: 9 fields
✅ Updated: AGIL-51829626 (5182-9626)
   - Description: Skip to main content ABOUT AGILENT CONTACT US SINGAPORE ACCO...
   - Quality: high
   - Specs: 9 fields
✅ Updated: AGIL-51829734 (5182-9734)
   - Description: Skip to main content ABOUT AGILENT CONTACT US SINGAPORE ACCO...
   - Quality: high
   - Specs: 9 fields
✅ Updated: AGIL-51829799 (5182-9799)
   - Description: Skip to main content ABOUT AGILENT CONTACT US SINGAPORE ACCO...
   - Quality: high
   - Specs: 9 fields
✅ Updated: AGIL-51830314 (5183-0314)
   - Description: Skip to main content ABOUT AGILENT CONTACT US SINGAPORE ACCO...
   - Quality: high
   - Specs: 9 fields
✅ Updated: AGIL-51830316 (5183-0316)
   - Description: Skip to main content ABOUT AGILENT CONTACT US SINGAPORE ACCO...
   - Quality: high
   - Specs: 9 fields
✅ Updated: AGIL-51830318 (5183-0318)
   - Description: Skip to main content ABOUT AGILENT CONTACT US SINGAPORE ACCO...
   - Quality: high
   - Specs: 9 fields
✅ Updated: AGIL-51832042 (5183-2042)
   - Description: Skip to main content ABOUT AGILENT CONTACT US SINGAPORE ACCO...
   - Quality: high
   - Specs: 9 fields
✅ Updated: AGIL-51832065 (5183-2065)
   - Description: Skip to main content ABOUT AGILENT CONTACT US SINGAPORE ACCO...
   - Quality: high
   - Specs: 3 fields
✅ Updated: AGIL-51832066 (5183-2066)
   - Description: Skip to main content ABOUT AGILENT CONTACT US SINGAPORE ACCO...
   - Quality: high
   - Specs: 3 fields
✅ Updated: AGIL-51832067 (5183-2067)
   - Description: Skip to main content ABOUT AGILENT CONTACT US SINGAPORE ACCO...
   - Quality: high
   - Specs: 13 fields
✅ Updated: AGIL-51832068 (5183-2068)
   - Description: Skip to main content ABOUT AGILENT CONTACT US SINGAPORE ACCO...
   - Quality: high
   - Specs: 13 fields
✅ Updated: AGIL-51832075 (5183-2075)
   - Description: Skip to main content ABOUT AGILENT CONTACT US SINGAPORE ACCO...
   - Quality: high
   - Specs: 13 fields
✅ Updated: AGIL-51832076 (5183-2076)
   - Description: Skip to main content ABOUT AGILENT CONTACT US SINGAPORE ACCO...
   - Quality: high
   - Specs: 15 fields
✅ Updated: AGIL-51832077 (5183-2077)
   - Description: Skip to main content ABOUT AGILENT CONTACT US SINGAPORE ACCO...
   - Quality: high
   - Specs: 15 fields
✅ Updated: AGIL-51832078 (5183-2078)
   - Description: Skip to main content ABOUT AGILENT CONTACT US SINGAPORE ACCO...
   - Quality: high
   - Specs: 15 fields
✅ Updated: AGIL-51832082 (5183-2082)
   - Description: Skip to main content ABOUT AGILENT CONTACT US SINGAPORE ACCO...
   - Quality: high
   - Specs: 12 fields
✅ Updated: AGIL-51832083 (5183-2083)
   - Description: Skip to main content ABOUT AGILENT CONTACT US SINGAPORE ACCO...
   - Quality: high
   - Specs: 12 fields
✅ Updated: AGIL-51834301 (5183-4301)
   - Description: Skip to main content ABOUT AGILENT CONTACT US SINGAPORE ACCO...
   - Quality: high
   - Specs: 13 fields
✅ Updated: AGIL-51834302 (5183-4302)
   - Description: Skip to main content ABOUT AGILENT CONTACT US SINGAPORE ACCO...
   - Quality: high
   - Specs: 13 fields
✅ Updated: AGIL-51834303 (5183-4303)
   - Description: Skip to main content ABOUT AGILENT CONTACT US SINGAPORE ACCO...
   - Quality: high
   - Specs: 13 fields
✅ Updated: AGIL-51834304 (5183-4304)
   - Description: Skip to main content ABOUT AGILENT CONTACT US SINGAPORE ACCO...
   - Quality: high
   - Specs: 13 fields
✅ Updated: AGIL-51834305 (5183-4305)
   - Description: Skip to main content ABOUT AGILENT CONTACT US SINGAPORE ACCO...
   - Quality: high
   - Specs: 13 fields
⏭️  Skipped: AGIL-51834306 - No new data to update
✅ Updated: AGIL-51834307 (5183-4307)
   - Description: Skip to main content ABOUT AGILENT CONTACT US SINGAPORE ACCO...
   - Quality: high
   - Specs: 13 fields
✅ Updated: AGIL-51834308 (5183-4308)
   - Description: Skip to main content ABOUT AGILENT CONTACT US SINGAPORE ACCO...
   - Quality: high
   - Specs: 13 fields
✅ Updated: AGIL-51834311 (5183-4311)
   - Description: Skip to main content ABOUT AGILENT CONTACT US SINGAPORE ACCO...
   - Quality: high
   - Specs: 18 fields
✅ Updated: AGIL-51834312 (5183-4312)
   - Description: Skip to main content ABOUT AGILENT CONTACT US SINGAPORE ACCO...
   - Quality: high
   - Specs: 18 fields
✅ Updated: AGIL-51834313 (5183-4313)
   - Description: Skip to main content ABOUT AGILENT CONTACT US SINGAPORE ACCO...
   - Quality: high
   - Specs: 18 fields
✅ Updated: AGIL-51834314 (5183-4314)
   - Description: Skip to main content ABOUT AGILENT CONTACT US SINGAPORE ACCO...
   - Quality: high
   - Specs: 18 fields
✅ Updated: AGIL-51834321 (5183-4321)
   - Description: Skip to main content ABOUT AGILENT CONTACT US SINGAPORE ACCO...
   - Quality: high
   - Specs: 18 fields
✅ Updated: AGIL-51834322 (5183-4322)
   - Description: Skip to main content ABOUT AGILENT CONTACT US SINGAPORE ACCO...
   - Quality: high
   - Specs: 18 fields
✅ Updated: AGIL-51834323 (5183-4323)
   - Description: Skip to main content ABOUT AGILENT CONTACT US SINGAPORE ACCO...
   - Quality: high
   - Specs: 18 fields
✅ Updated: AGIL-51834324 (5183-4324)
   - Description: Skip to main content ABOUT AGILENT CONTACT US SINGAPORE ACCO...
   - Quality: high
   - Specs: 18 fields
✅ Updated: AGIL-51834331 (5183-4331)
   - Description: Skip to main content ABOUT AGILENT CONTACT US SINGAPORE ACCO...
   - Quality: high
   - Specs: 18 fields
✅ Updated: AGIL-51834332 (5183-4332)
   - Description: Skip to main content ABOUT AGILENT CONTACT US SINGAPORE ACCO...
   - Quality: high
   - Specs: 18 fields
✅ Updated: AGIL-51834333 (5183-4333)
   - Description: Skip to main content ABOUT AGILENT CONTACT US SINGAPORE ACCO...
   - Quality: high
   - Specs: 18 fields
✅ Updated: AGIL-51834334 (5183-4334)
   - Description: Skip to main content ABOUT AGILENT CONTACT US SINGAPORE ACCO...
   - Quality: high
   - Specs: 19 fields
✅ Updated: AGIL-51834429 (5183-4429)
   - Description: Skip to main content ABOUT AGILENT CONTACT US SINGAPORE ACCO...
   - Quality: high
   - Specs: 10 fields
✅ Updated: AGIL-51834438 (5183-4438)
   - Description: Skip to main content ABOUT AGILENT CONTACT US SINGAPORE ACCO...
   - Quality: high
   - Specs: 11 fields
✅ Updated: AGIL-51834442 (5183-4442)
   - Description: Skip to main content ABOUT AGILENT CONTACT US SINGAPORE ACCO...
   - Quality: high
   - Specs: 13 fields
✅ Updated: AGIL-51834474 (5183-4474)
   - Description: Skip to main content ABOUT AGILENT CONTACT US SINGAPORE ACCO...
   - Quality: high
   - Specs: 14 fields
✅ Updated: AGIL-51834475 (5183-4475)
   - Description: Skip to main content ABOUT AGILENT CONTACT US SINGAPORE ACCO...
   - Quality: high
   - Specs: 14 fields
✅ Updated: AGIL-51834493 (5183-4493)
   - Description: Skip to main content ABOUT AGILENT CONTACT US SINGAPORE ACCO...
   - Quality: high
   - Specs: 13 fields
✅ Updated: AGIL-51834494 (5183-4494)
   - Description: Skip to main content ABOUT AGILENT CONTACT US SINGAPORE ACCO...
   - Quality: high
   - Specs: 12 fields
✅ Updated: AGIL-51834498 (5183-4498)
   - Description: Skip to main content ABOUT AGILENT CONTACT US SINGAPORE ACCO...
   - Quality: high
   - Specs: 14 fields
✅ Updated: AGIL-51834499 (5183-4499)
   - Description: Skip to main content ABOUT AGILENT CONTACT US SINGAPORE ACCO...
   - Quality: high
   - Specs: 14 fields
✅ Updated: AGIL-51834500 (5183-4500)
   - Description: Skip to main content ABOUT AGILENT CONTACT US SINGAPORE ACCO...
   - Quality: high
   - Specs: 14 fields
✅ Updated: AGIL-51834518 (5183-4518)
   - Description: Skip to main content ABOUT AGILENT CONTACT US SINGAPORE ACCO...
   - Quality: high
   - Specs: 11 fields
✅ Updated: AGIL-51834728 (5183-4728)
   - Description: Skip to main content ABOUT AGILENT CONTACT US SINGAPORE ACCO...
   - Quality: high
   - Specs: 9 fields
✅ Updated: AGIL-51834729 (5183-4729)
   - Description: Skip to main content ABOUT AGILENT CONTACT US SINGAPORE ACCO...
   - Quality: high
   - Specs: 9 fields
✅ Updated: AGIL-51834730 (5183-4730)
   - Description: Skip to main content ABOUT AGILENT CONTACT US SINGAPORE ACCO...
   - Quality: high
   - Specs: 9 fields
✅ Updated: AGIL-51855817 (5185-5817)
   - Description: Skip to main content ABOUT AGILENT CONTACT US SINGAPORE ACCO...
   - Quality: high
   - Specs: 1 fields
✅ Updated: AGIL-51855820 (5185-5820)
   - Description: Skip to main content ABOUT AGILENT CONTACT US SINGAPORE ACCO...
   - Quality: high
   - Specs: 15 fields
✅ Updated: AGIL-51855823 (5185-5823)
   - Description: Skip to main content ABOUT AGILENT CONTACT US SINGAPORE ACCO...
   - Quality: high
   - Specs: 15 fields
✅ Updated: AGIL-51855824 (5185-5824)
   - Description: Skip to main content ABOUT AGILENT CONTACT US SINGAPORE ACCO...
   - Quality: high
   - Specs: 15 fields
✅ Updated: AGIL-51855829 (5185-5829)
   - Description: Skip to main content ABOUT AGILENT CONTACT US SINGAPORE ACCO...
   - Quality: high
   - Specs: 15 fields
✅ Updated: AGIL-51855838 (5185-5838)
   - Description: Skip to main content ABOUT AGILENT CONTACT US SINGAPORE ACCO...
   - Quality: high
   - Specs: 15 fields
✅ Updated: AGIL-51855851 (5185-5851)
   - Description: Skip to main content ABOUT AGILENT CONTACT US SINGAPORE ACCO...
   - Quality: high
   - Specs: 12 fields
✅ Updated: AGIL-51855861 (5185-5861)
   - Description: Skip to main content ABOUT AGILENT CONTACT US SINGAPORE ACCO...
   - Quality: high
   - Specs: 15 fields
✅ Updated: AGIL-51855862 (5185-5862)
   - Description: Skip to main content ABOUT AGILENT CONTACT US SINGAPORE ACCO...
   - Quality: high
   - Specs: 15 fields
✅ Updated: AGIL-51855863 (5185-5863)
   - Description: Skip to main content ABOUT AGILENT CONTACT US SINGAPORE ACCO...
   - Quality: high
   - Specs: 15 fields
✅ Updated: AGIL-51855864 (5185-5864)
   - Description: Skip to main content ABOUT AGILENT CONTACT US SINGAPORE ACCO...
   - Quality: high
   - Specs: 15 fields
✅ Updated: AGIL-51855865 (5185-5865)
   - Description: Skip to main content ABOUT AGILENT CONTACT US SINGAPORE ACCO...
   - Quality: high
   - Specs: 15 fields
✅ Updated: AGIL-51855917 (5185-5917)
   - Description: Skip to main content ABOUT AGILENT CONTACT US SINGAPORE ACCO...
   - Quality: high
   - Specs: 12 fields
✅ Updated: AGIL-51855946 (5185-5946)
   - Description: Skip to main content ABOUT AGILENT CONTACT US SINGAPORE ACCO...
   - Quality: high
   - Specs: 11 fields
✅ Updated: AGIL-51855950 (5185-5950)
   - Description: Skip to main content ABOUT AGILENT CONTACT US SINGAPORE ACCO...
   - Quality: high
   - Specs: 12 fields
✅ Updated: AGIL-51855957 (5185-5957)
   - Description: Skip to main content ABOUT AGILENT CONTACT US SINGAPORE ACCO...
   - Quality: high
   - Specs: 8 fields
✅ Updated: AGIL-51882788 (5188-2788)
   - Description: Skip to main content ABOUT AGILENT CONTACT US SINGAPORE ACCO...
   - Quality: high
   - Specs: 13 fields
✅ Updated: AGIL-51885246 (5188-5246)
   - Description: Skip to main content ABOUT AGILENT CONTACT US SINGAPORE ACCO...
   - Quality: high
   - Specs: 9 fields
✅ Updated: AGIL-51885247 (5188-5247)
   - Description: Skip to main content ABOUT AGILENT CONTACT US SINGAPORE ACCO...
   - Quality: high
   - Specs: 9 fields
✅ Updated: AGIL-51885386 (5188-5386)
   - Description: Skip to main content ABOUT AGILENT CONTACT US SINGAPORE ACCO...
   - Quality: high
   - Specs: 14 fields
✅ Updated: AGIL-51885390 (5188-5390)
   - Description: Skip to main content ABOUT AGILENT CONTACT US SINGAPORE ACCO...
   - Quality: high
   - Specs: 12 fields
✅ Updated: AGIL-51886537 (5188-6537)
   - Description: Skip to main content ABOUT AGILENT CONTACT US SINGAPORE ACCO...
   - Quality: high
   - Specs: 14 fields
✅ Updated: AGIL-51886538 (5188-6538)
   - Description: Skip to main content ABOUT AGILENT CONTACT US SINGAPORE ACCO...
   - Quality: high
   - Specs: 14 fields
✅ Updated: AGIL-51901599 (5190-1599)
   - Description: Skip to main content ABOUT AGILENT CONTACT US SINGAPORE ACCO...
   - Quality: high
   - Specs: 15 fields
✅ Updated: AGIL-51902238 (5190-2238)
   - Description: Skip to main content ABOUT AGILENT CONTACT US SINGAPORE ACCO...
   - Quality: high
   - Specs: 14 fields
✅ Updated: AGIL-51902239 (5190-2239)
   - Description: Skip to main content ABOUT AGILENT CONTACT US SINGAPORE ACCO...
   - Quality: high
   - Specs: 14 fields
✅ Updated: AGIL-51902242 (5190-2242)
   - Description: Skip to main content ABOUT AGILENT CONTACT US SINGAPORE ACCO...
   - Quality: high
   - Specs: 12 fields
✅ Updated: AGIL-51902243 (5190-2243)
   - Description: Skip to main content ABOUT AGILENT CONTACT US SINGAPORE ACCO...
   - Quality: high
   - Specs: 12 fields
✅ Updated: AGIL-51902285 (5190-2285)
   - Description: Skip to main content ABOUT AGILENT CONTACT US SINGAPORE ACCO...
   - Quality: high
   - Specs: 14 fields
✅ Updated: AGIL-51902286 (5190-2286)
   - Description: Skip to main content ABOUT AGILENT CONTACT US SINGAPORE ACCO...
   - Quality: high
   - Specs: 14 fields
✅ Updated: AGIL-51902287 (5190-2287)
   - Description: Skip to main content ABOUT AGILENT CONTACT US SINGAPORE ACCO...
   - Quality: high
   - Specs: 14 fields
✅ Updated: AGIL-51902288 (5190-2288)
   - Description: Skip to main content ABOUT AGILENT CONTACT US SINGAPORE ACCO...
   - Quality: high
   - Specs: 14 fields
✅ Updated: AGIL-51903155 (5190-3155)
   - Description: Skip to main content ABOUT AGILENT CONTACT US SINGAPORE ACCO...
   - Quality: high
   - Specs: 11 fields
✅ Updated: AGIL-51903186 (5190-3186)
   - Description: Skip to main content ABOUT AGILENT CONTACT US SINGAPORE ACCO...
   - Quality: high
   - Specs: 12 fields
✅ Updated: AGIL-51904000 (5190-4000)
   - Description: Skip to main content ABOUT AGILENT CONTACT US SINGAPORE ACCO...
   - Quality: high
   - Specs: 7 fields
✅ Updated: AGIL-51904032 (5190-4032)
   - Description: Skip to main content ABOUT AGILENT CONTACT US SINGAPORE ACCO...
   - Quality: high
   - Specs: 11 fields
✅ Updated: AGIL-51904035 (5190-4035)
   - Description: Skip to main content ABOUT AGILENT CONTACT US SINGAPORE ACCO...
   - Quality: high
   - Specs: 7 fields
✅ Updated: AGIL-51904051 (5190-4051)
   - Description: Skip to main content ABOUT AGILENT CONTACT US SINGAPORE ACCO...
   - Quality: high
   - Specs: 12 fields
✅ Updated: AGIL-51904052 (5190-4052)
   - Description: Skip to main content ABOUT AGILENT CONTACT US SINGAPORE ACCO...
   - Quality: high
   - Specs: 12 fields
✅ Updated: AGIL-51904053 (5190-4053)
   - Description: Skip to main content ABOUT AGILENT CONTACT US SINGAPORE ACCO...
   - Quality: high
   - Specs: 12 fields
✅ Updated: AGIL-51904074 (5190-4074)
   - Description: Skip to main content ABOUT AGILENT CONTACT US SINGAPORE ACCO...
   - Quality: high
   - Specs: 14 fields
✅ Updated: AGIL-51904075 (5190-4075)
   - Description: Skip to main content ABOUT AGILENT CONTACT US SINGAPORE ACCO...
   - Quality: high
   - Specs: 14 fields
✅ Updated: AGIL-5190-5082 (5190-5082)
   - Description: Skip to main content ABOUT AGILENT CONTACT US SINGAPORE ACCO...
   - Quality: high
   - Specs: 9 fields
✅ Updated: AGIL-5190-5083 (5190-5083)
   - Description: Skip to main content ABOUT AGILENT CONTACT US SINGAPORE ACCO...
   - Quality: high
   - Specs: 9 fields
✅ Updated: AGIL-5190-5084 (5190-5084)
   - Description: Skip to main content ABOUT AGILENT CONTACT US SINGAPORE ACCO...
   - Quality: high
   - Specs: 9 fields
✅ Updated: AGIL-5190-5085 (5190-5085)
   - Description: Skip to main content ABOUT AGILENT CONTACT US SINGAPORE ACCO...
   - Quality: high
   - Specs: 9 fields
✅ Updated: AGIL-5190-5086 (5190-5086)
   - Description: Skip to main content ABOUT AGILENT CONTACT US SINGAPORE ACCO...
   - Quality: high
   - Specs: 9 fields
✅ Updated: AGIL-5190-5087 (5190-5087)
   - Description: Skip to main content ABOUT AGILENT CONTACT US SINGAPORE ACCO...
   - Quality: high
   - Specs: 9 fields
✅ Updated: AGIL-5190-5088 (5190-5088)
   - Description: Skip to main content ABOUT AGILENT CONTACT US SINGAPORE ACCO...
   - Quality: high
   - Specs: 9 fields
✅ Updated: AGIL-5190-5091 (5190-5091)
   - Description: Skip to main content ABOUT AGILENT CONTACT US SINGAPORE ACCO...
   - Quality: high
   - Specs: 9 fields
✅ Updated: AGIL-5190-5092 (5190-5092)
   - Description: Skip to main content ABOUT AGILENT CONTACT US SINGAPORE ACCO...
   - Quality: high
   - Specs: 9 fields
✅ Updated: AGIL-5190-5093 (5190-5093)
   - Description: Skip to main content ABOUT AGILENT CONTACT US SINGAPORE ACCO...
   - Quality: high
   - Specs: 9 fields
✅ Updated: AGIL-5190-5094 (5190-5094)
   - Description: Skip to main content ABOUT AGILENT CONTACT US SINGAPORE ACCO...
   - Quality: high
   - Specs: 9 fields
✅ Updated: AGIL-5190-5095 (5190-5095)
   - Description: Skip to main content ABOUT AGILENT CONTACT US SINGAPORE ACCO...
   - Quality: high
   - Specs: 9 fields
✅ Updated: AGIL-5190-5096 (5190-5096)
   - Description: Skip to main content ABOUT AGILENT CONTACT US SINGAPORE ACCO...
   - Quality: high
   - Specs: 9 fields
✅ Updated: AGIL-5190-5097 (5190-5097)
   - Description: Skip to main content ABOUT AGILENT CONTACT US SINGAPORE ACCO...
   - Quality: high
   - Specs: 9 fields
✅ Updated: AGIL-5190-5098 (5190-5098)
   - Description: Skip to main content ABOUT AGILENT CONTACT US SINGAPORE ACCO...
   - Quality: high
   - Specs: 9 fields
✅ Updated: AGIL-5190-5099 (5190-5099)
   - Description: Skip to main content ABOUT AGILENT CONTACT US SINGAPORE ACCO...
   - Quality: high
   - Specs: 9 fields
✅ Updated: AGIL-5190-5108 (5190-5108)
   - Description: Skip to main content ABOUT AGILENT CONTACT US SINGAPORE ACCO...
   - Quality: high
   - Specs: 9 fields
✅ Updated: AGIL-5190-5116 (5190-5116)
   - Description: Skip to main content ABOUT AGILENT CONTACT US SINGAPORE ACCO...
   - Quality: high
   - Specs: 10 fields
⏭️  Skipped: AGIL-5190-5117 - No new data to update
✅ Updated: AGIL-5190-5120 (5190-5120)
   - Description: Skip to main content ABOUT AGILENT CONTACT US SINGAPORE ACCO...
   - Quality: high
   - Specs: 9 fields
✅ Updated: AGIL-5190-5122 (5190-5122)
   - Description: Skip to main content ABOUT AGILENT CONTACT US SINGAPORE ACCO...
   - Quality: high
   - Specs: 10 fields
✅ Updated: AGIL-5190-5127 (5190-5127)
   - Description: Skip to main content ABOUT AGILENT CONTACT US SINGAPORE ACCO...
   - Quality: high
   - Specs: 9 fields
✅ Updated: AGIL-5190-5128 (5190-5128)
   - Description: Skip to main content ABOUT AGILENT CONTACT US SINGAPORE ACCO...
   - Quality: high
   - Specs: 9 fields
✅ Updated: AGIL-5190-5132 (5190-5132)
   - Description: Skip to main content ABOUT AGILENT CONTACT US SINGAPORE ACCO...
   - Quality: high
   - Specs: 9 fields
✅ Updated: AGIL-5190-5134 (5190-5134)
   - Description: Skip to main content ABOUT AGILENT CONTACT US SINGAPORE ACCO...
   - Quality: high
   - Specs: 9 fields
✅ Updated: AGIL-5190-5135 (5190-5135)
   - Description: Skip to main content ABOUT AGILENT CONTACT US SINGAPORE ACCO...
   - Quality: high
   - Specs: 9 fields
✅ Updated: AGIL-5190-5261 (5190-5261)
   - Description: Skip to main content ABOUT AGILENT CONTACT US SINGAPORE ACCO...
   - Quality: high
   - Specs: 9 fields
✅ Updated: AGIL-5190-5262 (5190-5262)
   - Description: Skip to main content ABOUT AGILENT CONTACT US SINGAPORE ACCO...
   - Quality: high
   - Specs: 9 fields
✅ Updated: AGIL-5190-5263 (5190-5263)
   - Description: Skip to main content ABOUT AGILENT CONTACT US SINGAPORE ACCO...
   - Quality: high
   - Specs: 9 fields
✅ Updated: AGIL-5190-5264 (5190-5264)
   - Description: Skip to main content ABOUT AGILENT CONTACT US SINGAPORE ACCO...
   - Quality: high
   - Specs: 9 fields
✅ Updated: AGIL-5190-5265 (5190-5265)
   - Description: Skip to main content ABOUT AGILENT CONTACT US SINGAPORE ACCO...
   - Quality: high
   - Specs: 9 fields
✅ Updated: AGIL-5190-5266 (5190-5266)
   - Description: Skip to main content ABOUT AGILENT CONTACT US SINGAPORE ACCO...
   - Quality: high
   - Specs: 9 fields
✅ Updated: AGIL-5190-5267 (5190-5267)
   - Description: Skip to main content ABOUT AGILENT CONTACT US SINGAPORE ACCO...
   - Quality: high
   - Specs: 9 fields
✅ Updated: AGIL-5190-5268 (5190-5268)
   - Description: Skip to main content ABOUT AGILENT CONTACT US SINGAPORE ACCO...
   - Quality: high
   - Specs: 9 fields
✅ Updated: AGIL-5190-5269 (5190-5269)
   - Description: Skip to main content ABOUT AGILENT CONTACT US SINGAPORE ACCO...
   - Quality: high
   - Specs: 9 fields
✅ Updated: AGIL-5190-5270 (5190-5270)
   - Description: Skip to main content ABOUT AGILENT CONTACT US SINGAPORE ACCO...
   - Quality: high
   - Specs: 9 fields
✅ Updated: AGIL-5190-5271 (5190-5271)
   - Description: Skip to main content ABOUT AGILENT CONTACT US SINGAPORE ACCO...
   - Quality: high
   - Specs: 9 fields
✅ Updated: AGIL-5190-5272 (5190-5272)
   - Description: Skip to main content ABOUT AGILENT CONTACT US SINGAPORE ACCO...
   - Quality: high
   - Specs: 9 fields
✅ Updated: AGIL-5190-5273 (5190-5273)
   - Description: Skip to main content ABOUT AGILENT CONTACT US SINGAPORE ACCO...
   - Quality: high
   - Specs: 9 fields
✅ Updated: AGIL-5190-5274 (5190-5274)
   - Description: Skip to main content ABOUT AGILENT CONTACT US SINGAPORE ACCO...
   - Quality: high
   - Specs: 9 fields
✅ Updated: AGIL-5190-5275 (5190-5275)
   - Description: Skip to main content ABOUT AGILENT CONTACT US SINGAPORE ACCO...
   - Quality: high
   - Specs: 9 fields
✅ Updated: AGIL-5190-5276 (5190-5276)
   - Description: Skip to main content ABOUT AGILENT CONTACT US SINGAPORE ACCO...
   - Quality: high
   - Specs: 9 fields
✅ Updated: AGIL-5190-5277 (5190-5277)
   - Description: Skip to main content ABOUT AGILENT CONTACT US SINGAPORE ACCO...
   - Quality: high
   - Specs: 9 fields
✅ Updated: AGIL-5190-5278 (5190-5278)
   - Description: Skip to main content ABOUT AGILENT CONTACT US SINGAPORE ACCO...
   - Quality: high
   - Specs: 9 fields
✅ Updated: AGIL-5190-5279 (5190-5279)
   - Description: Skip to main content ABOUT AGILENT CONTACT US SINGAPORE ACCO...
   - Quality: high
   - Specs: 9 fields
✅ Updated: AGIL-5190-5280 (5190-5280)
   - Description: Skip to main content ABOUT AGILENT CONTACT US SINGAPORE ACCO...
   - Quality: high
   - Specs: 9 fields
✅ Updated: AGIL-5190-5307 (5190-5307)
   - Description: Skip to main content ABOUT AGILENT CONTACT US SINGAPORE ACCO...
   - Quality: high
   - Specs: 9 fields
✅ Updated: AGIL-5190-5308 (5190-5308)
   - Description: Skip to main content ABOUT AGILENT CONTACT US SINGAPORE ACCO...
   - Quality: high
   - Specs: 9 fields
✅ Updated: AGIL-5190-5309 (5190-5309)
   - Description: Skip to main content ABOUT AGILENT CONTACT US SINGAPORE ACCO...
   - Quality: high
   - Specs: 9 fields
✅ Updated: AGIL-5190-5310 (5190-5310)
   - Description: Skip to main content ABOUT AGILENT CONTACT US SINGAPORE ACCO...
   - Quality: high
   - Specs: 9 fields
✅ Updated: AGIL-51906096 (5190-6096)
   - Description: Skip to main content ABOUT AGILENT CONTACT US SINGAPORE ACCO...
   - Quality: high
   - Specs: 14 fields
✅ Updated: AGIL-51906113 (5190-6113)
   - Description: Skip to main content ABOUT AGILENT CONTACT US SINGAPORE ACCO...
   - Quality: high
   - Specs: 11 fields
✅ Updated: AGIL-51906115 (5190-6115)
   - Description: Skip to main content ABOUT AGILENT CONTACT US SINGAPORE ACCO...
   - Quality: high
   - Specs: 10 fields
✅ Updated: AGIL-51906147 (5190-6147)
   - Description: Skip to main content ABOUT AGILENT CONTACT US SINGAPORE ACCO...
   - Quality: high
   - Specs: 13 fields
✅ Updated: AGIL-51906151 (5190-6151)
   - Description: Skip to main content ABOUT AGILENT CONTACT US SINGAPORE ACCO...
   - Quality: high
   - Specs: 12 fields
✅ Updated: AGIL-51906169 (5190-6169)
   - Description: Skip to main content ABOUT AGILENT CONTACT US SINGAPORE ACCO...
   - Quality: high
   - Specs: 12 fields
✅ Updated: AGIL-51906182 (5190-6182)
   - Description: Skip to main content ABOUT AGILENT CONTACT US SINGAPORE ACCO...
   - Quality: high
   - Specs: 12 fields
✅ Updated: AGIL-51906184 (5190-6184)
   - Description: Skip to main content ABOUT AGILENT CONTACT US SINGAPORE ACCO...
   - Quality: high
   - Specs: 12 fields
✅ Updated: AGIL-51906186 (5190-6186)
   - Description: Skip to main content ABOUT AGILENT CONTACT US SINGAPORE ACCO...
   - Quality: high
   - Specs: 12 fields
✅ Updated: AGIL-51907021 (5190-7021)
   - Description: Skip to main content ABOUT AGILENT CONTACT US SINGAPORE ACCO...
   - Quality: high
   - Specs: 15 fields
✅ Updated: AGIL-51907022 (5190-7022)
   - Description: Skip to main content ABOUT AGILENT CONTACT US SINGAPORE ACCO...
   - Quality: high
   - Specs: 2 fields
✅ Updated: AGIL-51907023 (5190-7023)
   - Description: Skip to main content ABOUT AGILENT CONTACT US SINGAPORE ACCO...
   - Quality: high
   - Specs: 15 fields
✅ Updated: AGIL-51907024 (5190-7024)
   - Description: Skip to main content ABOUT AGILENT CONTACT US SINGAPORE ACCO...
   - Quality: high
   - Specs: 15 fields
✅ Updated: AGIL-51907026 (5190-7026)
   - Description: Skip to main content ABOUT AGILENT CONTACT US SINGAPORE ACCO...
   - Quality: high
   - Specs: 15 fields
✅ Updated: AGIL-51907028 (5190-7028)
   - Description: Skip to main content ABOUT AGILENT CONTACT US SINGAPORE ACCO...
   - Quality: high
   - Specs: 15 fields
✅ Updated: AGIL-51907029 (5190-7029)
   - Description: Skip to main content ABOUT AGILENT CONTACT US SINGAPORE ACCO...
   - Quality: high
   - Specs: 15 fields
✅ Updated: AGIL-51907032 (5190-7032)
   - Description: Skip to main content ABOUT AGILENT CONTACT US SINGAPORE ACCO...
   - Quality: high
   - Specs: 15 fields
✅ Updated: AGIL-51907033 (5190-7033)
   - Description: Skip to main content ABOUT AGILENT CONTACT US SINGAPORE ACCO...
   - Quality: high
   - Specs: 2 fields
✅ Updated: AGIL-51909045 (5190-9045)
   - Description: Skip to main content ABOUT AGILENT CONTACT US SINGAPORE ACCO...
   - Quality: high
   - Specs: 14 fields
✅ Updated: AGIL-51909063 (5190-9063)
   - Description: Skip to main content ABOUT AGILENT CONTACT US SINGAPORE ACCO...
   - Quality: high
   - Specs: 6 fields
✅ Updated: AGIL-51909064 (5190-9064)
   - Description: Skip to main content ABOUT AGILENT CONTACT US SINGAPORE ACCO...
   - Quality: high
   - Specs: 7 fields
✅ Updated: AGIL-51909065 (5190-9065)
   - Description: Skip to main content ABOUT AGILENT CONTACT US SINGAPORE ACCO...
   - Quality: high
   - Specs: 7 fields
✅ Updated: AGIL-51915618 (5191-5618)
   - Description: Skip to main content ABOUT AGILENT CONTACT US SINGAPORE ACCO...
   - Quality: high
   - Specs: 12 fields
✅ Updated: AGIL-51915634 (5191-5634)
   - Description: Skip to main content ABOUT AGILENT CONTACT US SINGAPORE ACCO...
   - Quality: high
   - Specs: 6 fields
✅ Updated: AGIL-51918121 (5191-8121)
   - Description: Skip to main content ABOUT AGILENT CONTACT US SINGAPORE ACCO...
   - Quality: high
   - Specs: 11 fields
✅ Updated: AGIL-51918122 (5191-8122)
   - Description: Skip to main content ABOUT AGILENT CONTACT US SINGAPORE ACCO...
   - Quality: high
   - Specs: 11 fields
✅ Updated: AGIL-51918123 (5191-8123)
   - Description: Skip to main content ABOUT AGILENT CONTACT US SINGAPORE ACCO...
   - Quality: high
   - Specs: 11 fields
✅ Updated: AGIL-51918124 (5191-8124)
   - Description: Skip to main content ABOUT AGILENT CONTACT US SINGAPORE ACCO...
   - Quality: high
   - Specs: 11 fields
✅ Updated: AGIL-51918150 (5191-8150)
   - Description: Skip to main content ABOUT AGILENT CONTACT US SINGAPORE ACCO...
   - Quality: high
   - Specs: 8 fields
✅ Updated: AGIL-51918151 (5191-8151)
   - Description: Skip to main content ABOUT AGILENT CONTACT US SINGAPORE ACCO...
   - Quality: high
   - Specs: 14 fields
✅ Updated: AGIL-51918160 (5191-8160)
   - Description: Skip to main content ABOUT AGILENT CONTACT US SINGAPORE ACCO...
   - Quality: high
   - Specs: 15 fields
✅ Updated: AGIL-51918161 (5191-8161)
   - Description: Skip to main content ABOUT AGILENT CONTACT US SINGAPORE ACCO...
   - Quality: high
   - Specs: 15 fields
✅ Updated: AGIL-52102001 (52102001)
   - Description: Skip to main content ABOUT AGILENT CONTACT US SINGAPORE ACCO...
   - Quality: high
   - Specs: 18 fields
✅ Updated: AGIL-52102024 (52102024)
   - Description: Skip to main content ABOUT AGILENT CONTACT US SINGAPORE ACCO...
   - Quality: high
   - Specs: 18 fields
✅ Updated: AGIL-52102025 (52102025)
   - Description: Skip to main content ABOUT AGILENT CONTACT US SINGAPORE ACCO...
   - Quality: high
   - Specs: 17 fields
✅ Updated: AGIL-55001228 (5500-1228)
   - Description: Skip to main content ABOUT AGILENT CONTACT US SINGAPORE ACCO...
   - Quality: high
   - Specs: 9 fields
✅ Updated: AGIL-56102049 (5610-2049)
   - Description: Skip to main content ABOUT AGILENT CONTACT US SINGAPORE ACCO...
   - Quality: high
   - Specs: 7 fields
✅ Updated: AGIL-585050-902 (585050-902)
   - Description: Skip to main content ABOUT AGILENT CONTACT US SINGAPORE ACCO...
   - Quality: high
   - Specs: 20 fields
✅ Updated: AGIL-585100-902 (585100-902)
   - Description: Skip to main content ABOUT AGILENT CONTACT US SINGAPORE ACCO...
   - Quality: high
   - Specs: 20 fields
✅ Updated: AGIL-595250-902 (595250-902)
   - Description: Skip to main content ABOUT AGILENT CONTACT US SINGAPORE ACCO...
   - Quality: high
   - Specs: 20 fields
✅ Updated: AGIL-60613370 (6061-3370)
   - Description: Skip to main content ABOUT AGILENT CONTACT US SINGAPORE ACCO...
   - Quality: high
   - Specs: 14 fields
✅ Updated: AGIL-670150-902 (670150-902)
   - Description: Skip to main content ABOUT AGILENT CONTACT US SINGAPORE ACCO...
   - Quality: high
   - Specs: 20 fields
✅ Updated: AGIL-681975-908 (681975-908)
   - Description: Skip to main content ABOUT AGILENT CONTACT US SINGAPORE ACCO...
   - Quality: high
   - Specs: 14 fields
✅ Updated: AGIL-685975-302 (685975-302)
   - Description: Skip to main content ABOUT AGILENT CONTACT US SINGAPORE ACCO...
   - Quality: high
   - Specs: 20 fields
✅ Updated: AGIL-685975-906 (685975-906)
   - Description: Skip to main content ABOUT AGILENT CONTACT US SINGAPORE ACCO...
   - Quality: high
   - Specs: 20 fields
✅ Updated: AGIL-690970-408 (690970-408)
   - Description: Skip to main content ABOUT AGILENT CONTACT US SINGAPORE ACCO...
   - Quality: high
   - Specs: 20 fields
✅ Updated: AGIL-691775-742 (691775-742)
   - Description: Skip to main content ABOUT AGILENT CONTACT US SINGAPORE ACCO...
   - Quality: high
   - Specs: 19 fields
✅ Updated: AGIL-693675-742 (693675-742)
   - Description: Skip to main content ABOUT AGILENT CONTACT US SINGAPORE ACCO...
   - Quality: high
   - Specs: 19 fields
✅ Updated: AGIL-693768-901 (693768-901)
   - Description: Skip to main content ABOUT AGILENT CONTACT US SINGAPORE ACCO...
   - Quality: high
   - Specs: 20 fields
✅ Updated: AGIL-693768-901K (693768-901K)
   - Description: Skip to main content ABOUT AGILENT CONTACT US SINGAPORE ACCO...
   - Quality: high
   - Specs: 20 fields
✅ Updated: AGIL-693768-901T (693768-901T)
   - Description: Skip to main content ABOUT AGILENT CONTACT US SINGAPORE ACCO...
   - Quality: high
   - Specs: 21 fields
✅ Updated: AGIL-693775-742 (693775-742)
   - Description: Skip to main content ABOUT AGILENT CONTACT US SINGAPORE ACCO...
   - Quality: high
   - Specs: 19 fields
✅ Updated: AGIL-693775-942 (693775-942)
   - Description: Skip to main content ABOUT AGILENT CONTACT US SINGAPORE ACCO...
   - Quality: high
   - Specs: 19 fields
✅ Updated: AGIL-693968-301 (693968-301)
   - Description: Skip to main content ABOUT AGILENT CONTACT US SINGAPORE ACCO...
   - Quality: high
   - Specs: 20 fields
✅ Updated: AGIL-693968-301K (693968-301K)
   - Description: Skip to main content ABOUT AGILENT CONTACT US SINGAPORE ACCO...
   - Quality: high
   - Specs: 20 fields
✅ Updated: AGIL-693968-301T (693968-301T)
   - Description: Skip to main content ABOUT AGILENT CONTACT US SINGAPORE ACCO...
   - Quality: high
   - Specs: 21 fields
✅ Updated: AGIL-693968-901 (693968-901)
   - Description: Skip to main content ABOUT AGILENT CONTACT US SINGAPORE ACCO...
   - Quality: high
   - Specs: 20 fields
✅ Updated: AGIL-693968-901K (693968-901K)
   - Description: Skip to main content ABOUT AGILENT CONTACT US SINGAPORE ACCO...
   - Quality: high
   - Specs: 20 fields
⏭️  Skipped: AGIL-693968-901T - No new data to update
✅ Updated: AGIL-693970-702 (693970-702)
   - Description: Skip to main content ABOUT AGILENT CONTACT US SINGAPORE ACCO...
   - Quality: high
   - Specs: 19 fields
✅ Updated: AGIL-693970-902 (693970-902)
   - Description: Skip to main content ABOUT AGILENT CONTACT US SINGAPORE ACCO...
   - Quality: high
   - Specs: 20 fields
✅ Updated: AGIL-693975-502 (693975-502)
   - Description: Skip to main content ABOUT AGILENT CONTACT US SINGAPORE ACCO...
   - Quality: high
   - Specs: 19 fields
✅ Updated: AGIL-693975-742 (693975-742)
   - Description: Skip to main content ABOUT AGILENT CONTACT US SINGAPORE ACCO...
   - Quality: high
   - Specs: 19 fields
✅ Updated: AGIL-695675-742 (695675-742)
   - Description: Skip to main content ABOUT AGILENT CONTACT US SINGAPORE ACCO...
   - Quality: high
   - Specs: 19 fields
✅ Updated: AGIL-695768-901 (695768-901)
   - Description: Skip to main content ABOUT AGILENT CONTACT US SINGAPORE ACCO...
   - Quality: high
   - Specs: 20 fields
✅ Updated: AGIL-695768-901K (695768-901K)
   - Description: Skip to main content ABOUT AGILENT CONTACT US SINGAPORE ACCO...
   - Quality: high
   - Specs: 20 fields
✅ Updated: AGIL-695768-901T (695768-901T)
   - Description: Skip to main content ABOUT AGILENT CONTACT US SINGAPORE ACCO...
   - Quality: high
   - Specs: 21 fields
✅ Updated: AGIL-695775-702 (695775-702)
   - Description: Skip to main content ABOUT AGILENT CONTACT US SINGAPORE ACCO...
   - Quality: high
   - Specs: 20 fields
✅ Updated: AGIL-695775-742 (695775-742)
   - Description: Skip to main content ABOUT AGILENT CONTACT US SINGAPORE ACCO...
   - Quality: high
   - Specs: 19 fields
✅ Updated: AGIL-695775-902 (695775-902)
   - Description: Skip to main content ABOUT AGILENT CONTACT US SINGAPORE ACCO...
   - Quality: high
   - Specs: 21 fields
✅ Updated: AGIL-695775-912 (695775-912)
   - Description: Skip to main content ABOUT AGILENT CONTACT US SINGAPORE ACCO...
   - Quality: high
   - Specs: 20 fields
✅ Updated: AGIL-695775-942 (695775-942)
   - Description: Skip to main content ABOUT AGILENT CONTACT US SINGAPORE ACCO...
   - Quality: high
   - Specs: 19 fields
✅ Updated: AGIL-695968-301 (695968-301)
   - Description: Skip to main content ABOUT AGILENT CONTACT US SINGAPORE ACCO...
   - Quality: high
   - Specs: 20 fields
✅ Updated: AGIL-695968-301K (695968-301K)
   - Description: Skip to main content ABOUT AGILENT CONTACT US SINGAPORE ACCO...
   - Quality: high
   - Specs: 20 fields
✅ Updated: AGIL-695968-301T (695968-301T)
   - Description: Skip to main content ABOUT AGILENT CONTACT US SINGAPORE ACCO...
   - Quality: high
   - Specs: 21 fields
✅ Updated: AGIL-695968-901 (695968-901)
   - Description: Skip to main content ABOUT AGILENT CONTACT US SINGAPORE ACCO...
   - Quality: high
   - Specs: 20 fields
✅ Updated: AGIL-695968-901K (695968-901K)
   - Description: Skip to main content ABOUT AGILENT CONTACT US SINGAPORE ACCO...
   - Quality: high
   - Specs: 20 fields
✅ Updated: AGIL-695968-901T (695968-901T)
   - Description: Skip to main content ABOUT AGILENT CONTACT US SINGAPORE ACCO...
   - Quality: high
   - Specs: 21 fields
✅ Updated: AGIL-695975-342 (695975-342)
   - Description: Skip to main content ABOUT AGILENT CONTACT US SINGAPORE ACCO...
   - Quality: high
   - Specs: 19 fields
✅ Updated: AGIL-695975-702 (695975-702)
   - Description: Skip to main content ABOUT AGILENT CONTACT US SINGAPORE ACCO...
   - Quality: high
   - Specs: 19 fields
✅ Updated: AGIL-695975-742 (695975-742)
   - Description: Skip to main content ABOUT AGILENT CONTACT US SINGAPORE ACCO...
   - Quality: high
   - Specs: 19 fields
✅ Updated: AGIL-695975-902 (695975-902)
   - Description: Skip to main content ABOUT AGILENT CONTACT US SINGAPORE ACCO...
   - Quality: high
   - Specs: 21 fields
✅ Updated: AGIL-699675-742 (699675-742)
   - Description: Skip to main content ABOUT AGILENT CONTACT US SINGAPORE ACCO...
   - Quality: high
   - Specs: 19 fields
✅ Updated: AGIL-699768-901 (699768-901)
   - Description: Skip to main content ABOUT AGILENT CONTACT US SINGAPORE ACCO...
   - Quality: high
   - Specs: 20 fields
✅ Updated: AGIL-699768-901K (699768-901K)
   - Description: Skip to main content ABOUT AGILENT CONTACT US SINGAPORE ACCO...
   - Quality: high
   - Specs: 20 fields
✅ Updated: AGIL-699768-901T (699768-901T)
   - Description: Skip to main content ABOUT AGILENT CONTACT US SINGAPORE ACCO...
   - Quality: high
   - Specs: 21 fields
✅ Updated: AGIL-699775-742 (699775-742)
   - Description: Skip to main content ABOUT AGILENT CONTACT US SINGAPORE ACCO...
   - Quality: high
   - Specs: 19 fields
✅ Updated: AGIL-699775-942 (699775-942)
   - Description: Skip to main content ABOUT AGILENT CONTACT US SINGAPORE ACCO...
   - Quality: high
   - Specs: 19 fields
✅ Updated: AGIL-699968-301 (699968-301)
   - Description: Skip to main content ABOUT AGILENT CONTACT US SINGAPORE ACCO...
   - Quality: high
   - Specs: 20 fields
✅ Updated: AGIL-699968-301K (699968-301K)
   - Description: Skip to main content ABOUT AGILENT CONTACT US SINGAPORE ACCO...
   - Quality: high
   - Specs: 20 fields
✅ Updated: AGIL-699968-301T (699968-301T)
   - Description: Skip to main content ABOUT AGILENT CONTACT US SINGAPORE ACCO...
   - Quality: high
   - Specs: 21 fields
✅ Updated: AGIL-699968-901 (699968-901)
   - Description: Skip to main content ABOUT AGILENT CONTACT US SINGAPORE ACCO...
   - Quality: high
   - Specs: 20 fields
⏭️  Skipped: AGIL-699968-901K - No new data to update
✅ Updated: AGIL-699968-901T (699968-901T)
   - Description: Skip to main content ABOUT AGILENT CONTACT US SINGAPORE ACCO...
   - Quality: high
   - Specs: 21 fields
✅ Updated: AGIL-699975-742 (699975-742)
   - Description: Skip to main content ABOUT AGILENT CONTACT US SINGAPORE ACCO...
   - Quality: high
   - Specs: 19 fields
✅ Updated: AGIL-727700-902 (727700-902)
   - Description: Skip to main content ABOUT AGILENT CONTACT US SINGAPORE ACCO...
   - Quality: high
   - Specs: 21 fields
✅ Updated: AGIL-758700-902 (758700-902)
   - Description: Skip to main content ABOUT AGILENT CONTACT US SINGAPORE ACCO...
   - Quality: high
   - Specs: 21 fields
✅ Updated: AGIL-763953-902 (763953-902)
   - Description: Skip to main content ABOUT AGILENT CONTACT US SINGAPORE ACCO...
   - Quality: high
   - Specs: 21 fields
✅ Updated: AGIL-766953-302 (766953-302)
   - Description: Skip to main content ABOUT AGILENT CONTACT US SINGAPORE ACCO...
   - Quality: high
   - Specs: 21 fields
✅ Updated: AGIL-770450-902 (770450-902)
   - Description: Skip to main content ABOUT AGILENT CONTACT US SINGAPORE ACCO...
   - Quality: high
   - Specs: 21 fields
✅ Updated: AGIL-80100051 (8010-0051)
   - Description: Skip to main content ABOUT AGILENT CONTACT US SINGAPORE ACCO...
   - Quality: high
   - Specs: 12 fields
✅ Updated: AGIL-80100063 (8010-0063)
   - Description: Skip to main content ABOUT AGILENT CONTACT US SINGAPORE ACCO...
   - Quality: high
   - Specs: 13 fields
✅ Updated: AGIL-80100068 (8010-0068)
   - Description: Skip to main content ABOUT AGILENT CONTACT US SINGAPORE ACCO...
   - Quality: high
   - Specs: 12 fields
✅ Updated: AGIL-80100101 (8010-0101)
   - Description: Skip to main content ABOUT AGILENT CONTACT US SINGAPORE ACCO...
   - Quality: high
   - Specs: 12 fields
✅ Updated: AGIL-80100102 (8010-0102)
   - Description: Skip to main content ABOUT AGILENT CONTACT US SINGAPORE ACCO...
   - Quality: high
   - Specs: 12 fields
✅ Updated: AGIL-80100142 (8010-0142)
   - Description: Skip to main content ABOUT AGILENT CONTACT US SINGAPORE ACCO...
   - Quality: high
   - Specs: 12 fields
✅ Updated: AGIL-80100152 (8010-0152)
   - Description: Skip to main content ABOUT AGILENT CONTACT US SINGAPORE ACCO...
   - Quality: high
   - Specs: 12 fields
✅ Updated: AGIL-80100160 (8010-0160)
   - Description: Skip to main content ABOUT AGILENT CONTACT US SINGAPORE ACCO...
   - Quality: high
   - Specs: 12 fields
✅ Updated: AGIL-80100172 (8010-0172)
   - Description: Skip to main content ABOUT AGILENT CONTACT US SINGAPORE ACCO...
   - Quality: high
   - Specs: 11 fields
✅ Updated: AGIL-80100179 (8010-0179)
   - Description: Skip to main content ABOUT AGILENT CONTACT US SINGAPORE ACCO...
   - Quality: high
   - Specs: 9 fields
✅ Updated: AGIL-80100180 (8010-0180)
   - Description: Skip to main content ABOUT AGILENT CONTACT US SINGAPORE ACCO...
   - Quality: high
   - Specs: 9 fields
✅ Updated: AGIL-80100186 (8010-0186)
   - Description: Skip to main content ABOUT AGILENT CONTACT US SINGAPORE ACCO...
   - Quality: high
   - Specs: 12 fields
✅ Updated: AGIL-80100187 (8010-0187)
   - Description: Skip to main content ABOUT AGILENT CONTACT US SINGAPORE ACCO...
   - Quality: high
   - Specs: 12 fields
✅ Updated: AGIL-80100192 (8010-0192)
   - Description: Skip to main content ABOUT AGILENT CONTACT US SINGAPORE ACCO...
   - Quality: high
   - Specs: 10 fields
✅ Updated: AGIL-80100412 (8010-0412)
   - Description: Skip to main content ABOUT AGILENT CONTACT US SINGAPORE ACCO...
   - Quality: high
   - Specs: 13 fields
✅ Updated: AGIL-80100413 (8010-0413)
   - Description: Skip to main content ABOUT AGILENT CONTACT US SINGAPORE ACCO...
   - Quality: high
   - Specs: 13 fields
✅ Updated: AGIL-80100418 (8010-0418)
   - Description: Skip to main content ABOUT AGILENT CONTACT US SINGAPORE ACCO...
   - Quality: high
   - Specs: 10 fields
✅ Updated: AGIL-80100582 (8010-0582)
   - Description: Skip to main content ABOUT AGILENT CONTACT US SINGAPORE ACCO...
   - Quality: high
   - Specs: 12 fields
✅ Updated: AGIL-820750-902 (820750-902)
   - Description: Skip to main content ABOUT AGILENT CONTACT US SINGAPORE ACCO...
   - Quality: high
   - Specs: 21 fields
✅ Updated: AGIL-820750-925 (820750-925)
   - Description: Skip to main content ABOUT AGILENT CONTACT US SINGAPORE ACCO...
   - Quality: high
   - Specs: 21 fields
✅ Updated: AGIL-820750-942 (820750-942)
   - Description: Skip to main content ABOUT AGILENT CONTACT US SINGAPORE ACCO...
   - Quality: high
   - Specs: 19 fields
✅ Updated: AGIL-820950-928 (820950-928)
   - Description: Skip to main content ABOUT AGILENT CONTACT US SINGAPORE ACCO...
   - Quality: high
   - Specs: 20 fields
✅ Updated: AGIL-821125-936 (821125-936)
   - Description: Skip to main content ABOUT AGILENT CONTACT US SINGAPORE ACCO...
   - Quality: high
   - Specs: 21 fields
✅ Updated: AGIL-821725-901 (821725-901)
   - Description: Skip to main content ABOUT AGILENT CONTACT US SINGAPORE ACCO...
   - Quality: high
   - Specs: 21 fields
✅ Updated: AGIL-821725-925 (821725-925)
   - Description: Skip to main content ABOUT AGILENT CONTACT US SINGAPORE ACCO...
   - Quality: high
   - Specs: 21 fields
✅ Updated: AGIL-821725-953 (821725-953)
   - Description: Skip to main content ABOUT AGILENT CONTACT US SINGAPORE ACCO...
   - Quality: high
   - Specs: 19 fields
✅ Updated: AGIL-821725-955 (821725-955)
   - Description: Skip to main content ABOUT AGILENT CONTACT US SINGAPORE ACCO...
   - Quality: high
   - Specs: 19 fields
✅ Updated: AGIL-823750-925 (823750-925)
   - Description: Skip to main content ABOUT AGILENT CONTACT US SINGAPORE ACCO...
   - Quality: high
   - Specs: 21 fields
✅ Updated: AGIL-823750-949 (823750-949)
   - Description: Skip to main content ABOUT AGILENT CONTACT US SINGAPORE ACCO...
   - Quality: high
   - Specs: 18 fields
✅ Updated: AGIL-823750-953 (823750-953)
   - Description: Skip to main content ABOUT AGILENT CONTACT US SINGAPORE ACCO...
   - Quality: high
   - Specs: 19 fields
✅ Updated: AGIL-827700-914 (827700-914)
   - Description: Skip to main content ABOUT AGILENT CONTACT US SINGAPORE ACCO...
   - Quality: high
   - Specs: 20 fields
✅ Updated: AGIL-846975-914 (846975-914)
   - Description: Skip to main content ABOUT AGILENT CONTACT US SINGAPORE ACCO...
   - Quality: high
   - Specs: 20 fields
✅ Updated: AGIL-861954-314 (861954-314)
   - Description: Skip to main content ABOUT AGILENT CONTACT US SINGAPORE ACCO...
   - Quality: high
   - Specs: 20 fields
✅ Updated: AGIL-863668-901 (863668-901)
   - Description: Skip to main content ABOUT AGILENT CONTACT US SINGAPORE ACCO...
   - Quality: high
   - Specs: 21 fields
✅ Updated: AGIL-863953-914 (863953-914)
   - Description: Skip to main content ABOUT AGILENT CONTACT US SINGAPORE ACCO...
   - Quality: high
   - Specs: 21 fields
✅ Updated: AGIL-865750-907 (865750-907)
   - Description: Skip to main content ABOUT AGILENT CONTACT US SINGAPORE ACCO...
   - Quality: high
   - Specs: 16 fields
✅ Updated: AGIL-87101217 (8710-1217)
   - Description: Skip to main content ABOUT AGILENT CONTACT US SINGAPORE ACCO...
   - Quality: high
   - Specs: 1 fields
✅ Updated: AGIL-87101561 (8710-1561)
   - Description: Skip to main content ABOUT AGILENT CONTACT US SINGAPORE ACCO...
   - Quality: high
   - Specs: 1 fields
✅ Updated: AGIL-87101930 (8710-1930)
   - Description: Skip to main content ABOUT AGILENT CONTACT US SINGAPORE ACCO...
   - Quality: high
   - Specs: 3 fields
✅ Updated: AGIL-87101931 (8710-1931)
   - Description: Skip to main content ABOUT AGILENT CONTACT US SINGAPORE ACCO...
   - Quality: high
   - Specs: 1 fields
✅ Updated: AGIL-880668-301 (880668-301)
   - Description: Skip to main content ABOUT AGILENT CONTACT US SINGAPORE ACCO...
   - Quality: high
   - Specs: 21 fields
✅ Updated: AGIL-880952-703 (880952-703)
   - Description: Skip to main content ABOUT AGILENT CONTACT US SINGAPORE ACCO...
   - Quality: high
   - Specs: 18 fields
✅ Updated: AGIL-880952-704 (880952-704)
   - Description: Skip to main content ABOUT AGILENT CONTACT US SINGAPORE ACCO...
   - Quality: high
   - Specs: 18 fields
✅ Updated: AGIL-880952-705 (880952-705)
   - Description: Skip to main content ABOUT AGILENT CONTACT US SINGAPORE ACCO...
   - Quality: high
   - Specs: 19 fields
✅ Updated: AGIL-880952-706 (880952-706)
   - Description: Skip to main content ABOUT AGILENT CONTACT US SINGAPORE ACCO...
   - Quality: high
   - Specs: 20 fields
✅ Updated: AGIL-880967-901 (880967-901)
   - Description: Skip to main content ABOUT AGILENT CONTACT US SINGAPORE ACCO...
   - Quality: high
   - Specs: 20 fields
✅ Updated: AGIL-880975-902 (880975-902)
   - Description: Skip to main content ABOUT AGILENT CONTACT US SINGAPORE ACCO...
   - Quality: high
   - Specs: 22 fields
✅ Updated: AGIL-880975-914 (880975-914)
   - Description: Skip to main content ABOUT AGILENT CONTACT US SINGAPORE ACCO...
   - Quality: high
   - Specs: 20 fields
⏭️  Skipped: AGIL-883725-901 - No new data to update
✅ Updated: AGIL-883975-314 (883975-314)
   - Description: Skip to main content ABOUT AGILENT CONTACT US SINGAPORE ACCO...
   - Quality: high
   - Specs: 20 fields
✅ Updated: AGIL-93010977 (9301-0977)
   - Description: Skip to main content ABOUT AGILENT CONTACT US SINGAPORE ACCO...
   - Quality: high
   - Specs: 13 fields
✅ Updated: AGIL-93016384 (9301-6384)
   - Description: Skip to main content ABOUT AGILENT CONTACT US SINGAPORE ACCO...
   - Quality: high
   - Specs: 1 fields
✅ Updated: AGIL-959757-902 (959757-902)
   - Description: Skip to main content ABOUT AGILENT CONTACT US SINGAPORE ACCO...
   - Quality: high
   - Specs: 22 fields
✅ Updated: AGIL-959941-902 (959941-902)
   - Description: Skip to main content ABOUT AGILENT CONTACT US SINGAPORE ACCO...
   - Quality: high
   - Specs: 21 fields
✅ Updated: AGIL-959961-302 (959961-302)
   - Description: Skip to main content ABOUT AGILENT CONTACT US SINGAPORE ACCO...
   - Quality: high
   - Specs: 21 fields
✅ Updated: AGIL-959993-902 (959993-902)
   - Description: Skip to main content ABOUT AGILENT CONTACT US SINGAPORE ACCO...
   - Quality: high
   - Specs: 21 fields
✅ Updated: AGIL-990967-202 (990967-202)
   - Description: Skip to main content ABOUT AGILENT CONTACT US SINGAPORE ACCO...
   - Quality: high
   - Specs: 20 fields
✅ Updated: AGIL-990967-902 (990967-902)
   - Description: Skip to main content ABOUT AGILENT CONTACT US SINGAPORE ACCO...
   - Quality: high
   - Specs: 22 fields
✅ Updated: AGIL-A396061C (A396061C)
   - Description: Skip to main content ABOUT AGILENT CONTACT US SINGAPORE ACCO...
   - Quality: high
   - Specs: 17 fields
✅ Updated: AGIL-A3960625 (A3960625)
   - Description: Skip to main content ABOUT AGILENT CONTACT US SINGAPORE ACCO...
   - Quality: high
   - Specs: 17 fields
✅ Updated: AGIL-A3960650 (A3960650)
   - Description: Skip to main content ABOUT AGILENT CONTACT US SINGAPORE ACCO...
   - Quality: high
   - Specs: 17 fields
✅ Updated: AGIL-A396071C (A396071C)
   - Description: Skip to main content ABOUT AGILENT CONTACT US SINGAPORE ACCO...
   - Quality: high
   - Specs: 19 fields
✅ Updated: AGIL-A3960725 (A3960725)
   - Description: Skip to main content ABOUT AGILENT CONTACT US SINGAPORE ACCO...
   - Quality: high
   - Specs: 19 fields
✅ Updated: AGIL-A3960750 (A3960750)
   - Description: Skip to main content ABOUT AGILENT CONTACT US SINGAPORE ACCO...
   - Quality: high
   - Specs: 19 fields
✅ Updated: AGIL-A396081C (A396081C)
   - Description: Skip to main content ABOUT AGILENT CONTACT US SINGAPORE ACCO...
   - Quality: high
   - Specs: 19 fields
✅ Updated: AGIL-A3960825 (A3960825)
   - Description: Skip to main content ABOUT AGILENT CONTACT US SINGAPORE ACCO...
   - Quality: high
   - Specs: 19 fields
✅ Updated: AGIL-A3960850 (A3960850)
   - Description: Skip to main content ABOUT AGILENT CONTACT US SINGAPORE ACCO...
   - Quality: high
   - Specs: 19 fields
✅ Updated: AGIL-A396091C (A396091C)
   - Description: Skip to main content ABOUT AGILENT CONTACT US SINGAPORE ACCO...
   - Quality: high
   - Specs: 17 fields
✅ Updated: AGIL-A3960925 (A3960925)
   - Description: Skip to main content ABOUT AGILENT CONTACT US SINGAPORE ACCO...
   - Quality: high
   - Specs: 17 fields
✅ Updated: AGIL-A3960950 (A3960950)
   - Description: Skip to main content ABOUT AGILENT CONTACT US SINGAPORE ACCO...
   - Quality: high
   - Specs: 17 fields
✅ Updated: AGIL-A4960125 (A4960125)
   - Description: Skip to main content ABOUT AGILENT CONTACT US SINGAPORE ACCO...
   - Quality: high
   - Specs: 19 fields
✅ Updated: AGIL-A496031C (A496031C)
   - Description: Skip to main content ABOUT AGILENT CONTACT US SINGAPORE ACCO...
   - Quality: high
   - Specs: 17 fields
✅ Updated: AGIL-A4960325 (A4960325)
   - Description: Skip to main content ABOUT AGILENT CONTACT US SINGAPORE ACCO...
   - Quality: high
   - Specs: 17 fields
✅ Updated: AGIL-A4960350 (A4960350)
   - Description: Skip to main content ABOUT AGILENT CONTACT US SINGAPORE ACCO...
   - Quality: high
   - Specs: 17 fields
✅ Updated: AGIL-A496041C (A496041C)
   - Description: Skip to main content ABOUT AGILENT CONTACT US SINGAPORE ACCO...
   - Quality: high
   - Specs: 17 fields
✅ Updated: AGIL-A4960425 (A4960425)
   - Description: Skip to main content ABOUT AGILENT CONTACT US SINGAPORE ACCO...
   - Quality: high
   - Specs: 17 fields
✅ Updated: AGIL-A4960450 (A4960450)
   - Description: Skip to main content ABOUT AGILENT CONTACT US SINGAPORE ACCO...
   - Quality: high
   - Specs: 17 fields
✅ Updated: AGIL-A496051C (A496051C)
   - Description: Skip to main content ABOUT AGILENT CONTACT US SINGAPORE ACCO...
   - Quality: high
   - Specs: 18 fields
✅ Updated: AGIL-A4960525 (A4960525)
   - Description: Skip to main content ABOUT AGILENT CONTACT US SINGAPORE ACCO...
   - Quality: high
   - Specs: 18 fields
✅ Updated: AGIL-A4960550 (A4960550)
   - Description: Skip to main content ABOUT AGILENT CONTACT US SINGAPORE ACCO...
   - Quality: high
   - Specs: 18 fields
✅ Updated: AGIL-A496061C (A496061C)
   - Description: Skip to main content ABOUT AGILENT CONTACT US SINGAPORE ACCO...
   - Quality: high
   - Specs: 17 fields
✅ Updated: AGIL-A4960625 (A4960625)
   - Description: Skip to main content ABOUT AGILENT CONTACT US SINGAPORE ACCO...
   - Quality: high
   - Specs: 17 fields
✅ Updated: AGIL-A4960650 (A4960650)
   - Description: Skip to main content ABOUT AGILENT CONTACT US SINGAPORE ACCO...
   - Quality: high
   - Specs: 17 fields
✅ Updated: AGIL-A496071C (A496071C)
   - Description: Skip to main content ABOUT AGILENT CONTACT US SINGAPORE ACCO...
   - Quality: high
   - Specs: 19 fields
✅ Updated: AGIL-A4960725 (A4960725)
   - Description: Skip to main content ABOUT AGILENT CONTACT US SINGAPORE ACCO...
   - Quality: high
   - Specs: 19 fields
✅ Updated: AGIL-A4960750 (A4960750)
   - Description: Skip to main content ABOUT AGILENT CONTACT US SINGAPORE ACCO...
   - Quality: high
   - Specs: 19 fields
✅ Updated: AGIL-A496091C (A496091C)
   - Description: Skip to main content ABOUT AGILENT CONTACT US SINGAPORE ACCO...
   - Quality: high
   - Specs: 17 fields
✅ Updated: AGIL-A4960925 (A4960925)
   - Description: Skip to main content ABOUT AGILENT CONTACT US SINGAPORE ACCO...
   - Quality: high
   - Specs: 17 fields
✅ Updated: AGIL-A496301C (A496301C)
   - Description: Skip to main content ABOUT AGILENT CONTACT US SINGAPORE ACCO...
   - Quality: high
   - Specs: 19 fields
✅ Updated: AGIL-A4963025 (A4963025)
   - Description: Skip to main content ABOUT AGILENT CONTACT US SINGAPORE ACCO...
   - Quality: high
   - Specs: 1 fields
✅ Updated: AGIL-A4963050 (A4963050)
   - Description: Skip to main content ABOUT AGILENT CONTACT US SINGAPORE ACCO...
   - Quality: high
   - Specs: 1 fields
✅ Updated: AGIL-G131167304 (G1311-67304)
   - Description: Skip to main content ABOUT AGILENT CONTACT US SINGAPORE ACCO...
   - Quality: high
   - Specs: 7 fields
✅ Updated: AGIL-G131387306 (G1313-87306)
   - Description: Skip to main content ABOUT AGILENT CONTACT US SINGAPORE ACCO...
   - Quality: high
   - Specs: 12 fields
✅ Updated: AGIL-G131465062 (G1314-65062)
   - Description: Skip to main content ABOUT AGILENT CONTACT US SINGAPORE ACCO...
   - Quality: high
   - Specs: 4 fields
✅ Updated: AGIL-G131567306 (G1315-67306)
   - Description: Skip to main content ABOUT AGILENT CONTACT US SINGAPORE ACCO...
   - Quality: high
   - Specs: 6 fields
✅ Updated: AGIL-G136160008 (G1361-60008)
   - Description: Skip to main content ABOUT AGILENT CONTACT US SINGAPORE ACCO...
   - Quality: high
   - Specs: 4 fields
✅ Updated: AGIL-G136486707 (G1364-86707)
   - Description: Skip to main content ABOUT AGILENT CONTACT US SINGAPORE ACCO...
   - Quality: high
   - Specs: 5 fields
✅ Updated: AGIL-G225887300 (G2258-87300)
   - Description: Skip to main content ABOUT AGILENT CONTACT US SINGAPORE ACCO...
   - Quality: high
   - Specs: 3 fields
✅ Updated: AGIL-G225887307 (G2258-87307)
   - Description: Skip to main content ABOUT AGILENT CONTACT US SINGAPORE ACCO...
   - Quality: high
   - Specs: 3 fields
✅ Updated: AGIL-G225887312 (G2258-87312)
   - Description: Skip to main content ABOUT AGILENT CONTACT US SINGAPORE ACCO...
   - Quality: high
   - Specs: 6 fields
✅ Updated: AGIL-G225887313 (G2258-87313)
   - Description: Skip to main content ABOUT AGILENT CONTACT US SINGAPORE ACCO...
   - Quality: high
   - Specs: 6 fields
✅ Updated: AGIL-G225887314 (G2258-87314)
   - Description: Skip to main content ABOUT AGILENT CONTACT US SINGAPORE ACCO...
   - Quality: high
   - Specs: 7 fields
✅ Updated: AGIL-G225887315 (G2258-87315)
   - Description: Skip to main content ABOUT AGILENT CONTACT US SINGAPORE ACCO...
   - Quality: high
   - Specs: 6 fields
✅ Updated: AGIL-G225887316 (G2258-87316)
   - Description: Skip to main content ABOUT AGILENT CONTACT US SINGAPORE ACCO...
   - Quality: high
   - Specs: 5 fields
✅ Updated: AGIL-G428060034 (G4280-60034)
   - Description: Skip to main content ABOUT AGILENT CONTACT US SINGAPORE ACCO...
   - Quality: high
   - Specs: 8 fields
✅ Updated: AGIL-G428067304 (G4280-67304)
   - Description: Skip to main content ABOUT AGILENT CONTACT US SINGAPORE ACCO...
   - Quality: high
   - Specs: 7 fields
✅ Updated: AGIL-G451380200 (G4513-80200)
   - Description: Skip to main content ABOUT AGILENT CONTACT US SINGAPORE ACCO...
   - Quality: high
   - Specs: 8 fields
✅ Updated: AGIL-G451380202 (G4513-80202)
   - Description: Skip to main content ABOUT AGILENT CONTACT US SINGAPORE ACCO...
   - Quality: high
   - Specs: 8 fields
✅ Updated: AGIL-G451380203 (G4513-80203)
   - Description: Skip to main content ABOUT AGILENT CONTACT US SINGAPORE ACCO...
   - Quality: high
   - Specs: 8 fields
✅ Updated: AGIL-G451380204 (G4513-80204)
   - Description: Skip to main content ABOUT AGILENT CONTACT US SINGAPORE ACCO...
   - Quality: high
   - Specs: 8 fields
✅ Updated: AGIL-G451380206 (G4513-80206)
   - Description: Skip to main content ABOUT AGILENT CONTACT US SINGAPORE ACCO...
   - Quality: high
   - Specs: 8 fields
✅ Updated: AGIL-G451380208 (G4513-80208)
   - Description: Skip to main content ABOUT AGILENT CONTACT US SINGAPORE ACCO...
   - Quality: high
   - Specs: 8 fields
✅ Updated: AGIL-G451380209 (G4513-80209)
   - Description: Skip to main content ABOUT AGILENT CONTACT US SINGAPORE ACCO...
   - Quality: high
   - Specs: 8 fields
✅ Updated: AGIL-G451380210 (G4513-80210)
   - Description: Skip to main content ABOUT AGILENT CONTACT US SINGAPORE ACCO...
   - Quality: high
   - Specs: 8 fields
✅ Updated: AGIL-G451380211 (G4513-80211)
   - Description: Skip to main content ABOUT AGILENT CONTACT US SINGAPORE ACCO...
   - Quality: high
   - Specs: 8 fields
✅ Updated: AGIL-G451380215 (G4513-80215)
   - Description: Skip to main content ABOUT AGILENT CONTACT US SINGAPORE ACCO...
   - Quality: high
   - Specs: 8 fields
✅ Updated: AGIL-G451380216 (G4513-80216)
   - Description: Skip to main content ABOUT AGILENT CONTACT US SINGAPORE ACCO...
   - Quality: high
   - Specs: 8 fields
✅ Updated: AGIL-G451380218 (G4513-80218)
   - Description: Skip to main content ABOUT AGILENT CONTACT US SINGAPORE ACCO...
   - Quality: high
   - Specs: 8 fields
✅ Updated: AGIL-G451380219 (G4513-80219)
   - Description: Skip to main content ABOUT AGILENT CONTACT US SINGAPORE ACCO...
   - Quality: high
   - Specs: 8 fields
✅ Updated: AGIL-G451380220 (G4513-80220)
   - Description: Skip to main content ABOUT AGILENT CONTACT US SINGAPORE ACCO...
   - Quality: high
   - Specs: 8 fields
✅ Updated: AGIL-G451380225 (G4513-80225)
   - Description: Skip to main content ABOUT AGILENT CONTACT US SINGAPORE ACCO...
   - Quality: high
   - Specs: 8 fields
✅ Updated: AGIL-G451380227 (G4513-80227)
   - Description: Skip to main content ABOUT AGILENT CONTACT US SINGAPORE ACCO...
   - Quality: high
   - Specs: 6 fields
✅ Updated: AGIL-G451380229 (G4513-80229)
   - Description: Skip to main content ABOUT AGILENT CONTACT US SINGAPORE ACCO...
   - Quality: high
   - Specs: 8 fields
✅ Updated: AGIL-G451380233 (G4513-80233)
   - Description: Skip to main content ABOUT AGILENT CONTACT US SINGAPORE ACCO...
   - Quality: high
   - Specs: 8 fields
✅ Updated: AGIL-G451380239 (G4513-80239)
   - Description: Skip to main content ABOUT AGILENT CONTACT US SINGAPORE ACCO...
   - Quality: high
   - Specs: 9 fields
✅ Updated: AGIL-G451380240 (G4513-80240)
   - Description: Skip to main content ABOUT AGILENT CONTACT US SINGAPORE ACCO...
   - Quality: high
   - Specs: 9 fields
✅ Updated: AGIL-PL1580-1301 (PL1580-1301)
   - Description: Skip to main content ABOUT AGILENT CONTACT US SINGAPORE ACCO...
   - Quality: high
   - Specs: 21 fields
✅ Updated: AGIL-PL1580-5301 (PL1580-5301)
   - Description: Skip to main content ABOUT AGILENT CONTACT US SINGAPORE ACCO...
   - Quality: high
   - Specs: 20 fields
✅ Updated: AGIL-RF0030T (RF0030T)
   - Description: Skip to main content ABOUT AGILENT CONTACT US SINGAPORE ACCO...
   - Quality: high
   - Specs: 3 fields
✅ Updated: AGIL-RF0098T (RF0098T)
   - Description: Skip to main content ABOUT AGILENT CONTACT US SINGAPORE ACCO...
   - Quality: high
   - Specs: 3 fields
✅ Updated: AGIL-RF0103T (RF0103T)
   - Description: Skip to main content ABOUT AGILENT CONTACT US SINGAPORE ACCO...
   - Quality: high
   - Specs: 3 fields
✅ Updated: AGIL-RF0110T3 (RF0110T-3)
   - Description: Skip to main content ABOUT AGILENT CONTACT US SINGAPORE ACCO...
   - Quality: high
   - Specs: 2 fields
✅ Updated: AGIL-RF0110T60 (RF0110T-60)
   - Description: Skip to main content ABOUT AGILENT CONTACT US SINGAPORE ACCO...
   - Quality: high
   - Specs: 2 fields
✅ Updated: AGIL-RF0110T7 (RF0110T-7)
   - Description: Skip to main content ABOUT AGILENT CONTACT US SINGAPORE ACCO...
   - Quality: high
   - Specs: 2 fields
✅ Updated: AGIL-RF0111T2 (RF0111T-2)
   - Description: Skip to main content ABOUT AGILENT CONTACT US SINGAPORE ACCO...
   - Quality: high
   - Specs: 2 fields
✅ Updated: AGIL-RF0111T20 (RF0111T-20)
   - Description: Skip to main content ABOUT AGILENT CONTACT US SINGAPORE ACCO...
   - Quality: high
   - Specs: 2 fields
✅ Updated: AGIL-RF0111T8 (RF0111T-8)
   - Description: Skip to main content ABOUT AGILENT CONTACT US SINGAPORE ACCO...
   - Quality: high
   - Specs: 2 fields
✅ Updated: AGIL-UCP628 (UCP628)
   - Description: Skip to main content ABOUT AGILENT CONTACT US SINGAPORE ACCO...
   - Quality: high
   - Specs: 1 fields

============================================================
📊 Import Summary
============================================================
Total products in CSV: 623
✅ Successfully updated: 615
⏭️  Skipped: 8
❌ Errors: 0
============================================================
npm notice
npm notice New major version of npm available! 10.9.2 -> 11.6.2
npm notice Changelog: https://github.com/npm/cli/releases/tag/v11.6.2
npm notice To update run: npm install -g npm@11.6.2
npm notice
